#
# A fatal error has been detected by the Java Runtime Environment:
#
#  EXCEPTION_ACCESS_VIOLATION (0xc0000005) at pc=0x00007ffdf2cbbd46, pid=13204, tid=13108
#
# JRE version: OpenJDK Runtime Environment Temurin-23.0.1+11 (23.0.1+11) (build 23.0.1+11)
# Java VM: OpenJDK 64-Bit Server VM Temurin-23.0.1+11 (23.0.1+11, mixed mode, sharing, tiered, compressed oops, compressed class ptrs, g1 gc, windows-amd64)
# Problematic frame:
# C  [glass.dll+0x1bd46]
#
# No core dump will be written. Minidumps are not enabled by default on client versions of Windows
#
# If you would like to submit a bug report, please visit:
#   https://github.com/adoptium/adoptium-support/issues
# The crash happened outside the Java Virtual Machine in native code.
# See problematic frame for where to report the bug.
#

---------------  S U M M A R Y ------------

Command Line: -Dfile.encoding=UTF-8 -Dstdout.encoding=UTF-8 -Dstderr.encoding=UTF-8 --module-path=D:\eclipse-workspace\game\bin;C:\Users\This PC\.p2\pool\plugins\org.eclipse.fx.ide.css.jfx8_3.10.0.202303150700.jar;D:\eclipse-workspace\javafx-sdk-23.0.1\lib\javafx.base.jar;D:\eclipse-workspace\javafx-sdk-23.0.1\lib\javafx.controls.jar;D:\eclipse-workspace\javafx-sdk-23.0.1\lib\javafx.fxml.jar;D:\eclipse-workspace\javafx-sdk-23.0.1\lib\javafx.graphics.jar;D:\eclipse-workspace\javafx-sdk-23.0.1\lib\javafx.media.jar;D:\eclipse-workspace\javafx-sdk-23.0.1\lib\javafx.swing.jar;D:\eclipse-workspace\javafx-sdk-23.0.1\lib\javafx.web.jar;D:\eclipse-workspace\javafx-sdk-23.0.1\lib\javafx-swt.jar;D:\eclipse-workspace\game\src\libs\json-20240303.jar -XX:+ShowCodeDetailsInExceptionMessages -Djdk.module.main=game game/application.Main

Host: 11th Gen Intel(R) Core(TM) i3-1115G4 @ 3.00GHz, 4 cores, 7G,  Windows 11 , 64 bit Build 22621 (10.0.22621.4391)
Time: Sun Nov 17 16:16:33 2024 SE Asia Standard Time elapsed time: 20.859912 seconds (0d 0h 0m 20s)

---------------  T H R E A D  ---------------

Current thread (0x000002f45596ba20):  JavaThread "JavaFX Application Thread"        [_thread_in_native, id=13108, stack(0x000000f53da00000,0x000000f53db00000) (1024K)]

Stack: [0x000000f53da00000,0x000000f53db00000],  sp=0x000000f53dafe1c0,  free space=1016k
Native frames: (J=compiled Java code, j=interpreted, Vv=VM code, C=native code)
C  [glass.dll+0x1bd46]  (no source info available)
C  [glass.dll+0x1aaf1]  (no source info available)
C  [glass.dll+0xa698]  (no source info available)
C  [glass.dll+0x177f]  (no source info available)
C  [USER32.dll+0x183f1]  (no source info available)
C  [USER32.dll+0x1791d]  (no source info available)
C  [USER32.dll+0x176d7]  (no source info available)
C  [glass.dll+0x1ce1f]  (no source info available)
C  0x000002f40753d307  (no source info available)

The last pc belongs to native method entry point (kind = native) (printed below).
Java frames: (J=compiled Java code, j=interpreted, Vv=VM code)
j  com.sun.glass.ui.win.WinWindow._close(J)Z+0 javafx.graphics@23.0.1
j  com.sun.glass.ui.Window.close()V+63 javafx.graphics@23.0.1
j  com.sun.glass.ui.win.WinWindow.close()V+8 javafx.graphics@23.0.1
j  com.sun.glass.ui.Application.terminate()V+75 javafx.graphics@23.0.1
j  com.sun.javafx.tk.quantum.QuantumToolkit.lambda$exit$14()Ljava/lang/Object;+5 javafx.graphics@23.0.1
j  com.sun.javafx.tk.quantum.QuantumToolkit$$Lambda+0x000002f41030ac48.get()Ljava/lang/Object;+0 javafx.graphics@23.0.1
j  com.sun.javafx.tk.quantum.QuantumToolkit.runWithRenderLock(Ljava/util/function/Supplier;)Ljava/lang/Object;+7 javafx.graphics@23.0.1
j  com.sun.javafx.tk.quantum.QuantumToolkit.exit()V+26 javafx.graphics@23.0.1
j  com.sun.javafx.application.PlatformImpl.lambda$tkExit$16()V+3 javafx.graphics@23.0.1
j  com.sun.javafx.application.PlatformImpl$$Lambda+0x000002f41030aa28.run()V+0 javafx.graphics@23.0.1
j  com.sun.javafx.application.PlatformImpl.lambda$runAndWait$12(Ljava/lang/Runnable;Ljava/util/concurrent/CountDownLatch;)V+1 javafx.graphics@23.0.1
j  com.sun.javafx.application.PlatformImpl$$Lambda+0x000002f41008d1b0.run()V+8 javafx.graphics@23.0.1
j  com.sun.javafx.application.PlatformImpl.lambda$runLater$10(Ljava/lang/Runnable;)Ljava/lang/Void;+1 javafx.graphics@23.0.1
j  com.sun.javafx.application.PlatformImpl$$Lambda+0x000002f41008e468.run()Ljava/lang/Object;+4 javafx.graphics@23.0.1
J 1256 c1 java.security.AccessController.doPrivileged(Ljava/security/PrivilegedAction;Ljava/security/AccessControlContext;)Ljava/lang/Object; java.base@23.0.1 (17 bytes) @ 0x000002f4001778ec [0x000002f400177700+0x00000000000001ec]
j  com.sun.javafx.application.PlatformImpl.lambda$runLater$11(Ljava/lang/Runnable;Ljava/security/AccessControlContext;)V+7 javafx.graphics@23.0.1
j  com.sun.javafx.application.PlatformImpl$$Lambda+0x000002f41008dbc8.run()V+8 javafx.graphics@23.0.1
j  com.sun.glass.ui.InvokeLaterDispatcher$Future.run()V+4 javafx.graphics@23.0.1
v  ~StubRoutines::call_stub 0x000002f407530fcd
j  com.sun.glass.ui.win.WinApplication._runLoop(Ljava/lang/Runnable;)V+0 javafx.graphics@23.0.1
j  com.sun.glass.ui.win.WinApplication.lambda$runLoop$3(ILjava/lang/Runnable;)V+8 javafx.graphics@23.0.1
j  com.sun.glass.ui.win.WinApplication$$Lambda+0x000002f410032158.run()V+12 javafx.graphics@23.0.1
j  java.lang.Thread.runWith(Ljava/lang/Object;Ljava/lang/Runnable;)V+5 java.base@23.0.1
j  java.lang.Thread.run()V+19 java.base@23.0.1
v  ~StubRoutines::call_stub 0x000002f407530fcd

siginfo: EXCEPTION_ACCESS_VIOLATION (0xc0000005), reading address 0x0000000000000128


Registers:
RAX=0x0000000000000000, RBX=0x0000000000000000, RCX=0x0000000000000000, RDX=0x0000000000000000
RSP=0x000000f53dafe1c0, RBP=0x0000000000000401, RSI=0x000000f53dafe520, RDI=0x000000f53dafe520
R8 =0x000000f53dafe520, R9 =0x0000000000000000, R10=0x0000000000000000, R11=0x0000000000000246
R12=0x0000000000000000, R13=0x0000000000000000, R14=0x0000000000000000, R15=0x000000f53dafe520
RIP=0x00007ffdf2cbbd46, EFLAGS=0x0000000000010206


Register to memory mapping:

RAX=0x0 is null
RBX=0x0 is null
RCX=0x0 is null
RDX=0x0 is null
RSP=0x000000f53dafe1c0 is pointing into the stack for thread: 0x000002f45596ba20
RBP=0x0000000000000401 is an unknown value
RSI=0x000000f53dafe520 is pointing into the stack for thread: 0x000002f45596ba20
RDI=0x000000f53dafe520 is pointing into the stack for thread: 0x000002f45596ba20
R8 =0x000000f53dafe520 is pointing into the stack for thread: 0x000002f45596ba20
R9 =0x0 is null
R10=0x0 is null
R11=0x0000000000000246 is an unknown value
R12=0x0 is null
R13=0x0 is null
R14=0x0 is null
R15=0x000000f53dafe520 is pointing into the stack for thread: 0x000002f45596ba20

Top of Stack: (sp=0x000000f53dafe1c0)
0x000000f53dafe1c0:   0000000000000578 000000f53dafe1d0
0x000000f53dafe1d0:   0000000000180016 00007ffdf2cc95d0
0x000000f53dafe1e0:   000000f53dafe520 00007ffdf2cbaaf1
0x000000f53dafe1f0:   0000000000000401 000002f45592f730
0x000000f53dafe200:   000000f53dafe520 000002f469cf4fe0
0x000000f53dafe210:   0000000000000000 00007ffdf2caa698
0x000000f53dafe220:   000002f45592f730 0000000000000101
0x000000f53dafe230:   000002f45596c0d2 0000000000000004
0x000000f53dafe240:   0000000000000000 00007ffdf2ca177f
0x000000f53dafe250:   000002f45592f730 0000000000000401
0x000000f53dafe260:   000002f45592f75c 0000000000020a24
0x000000f53dafe270:   0000000000000000 0000000000000401
0x000000f53dafe280:   0000000000000001 00007ffe4ace83f1
0x000000f53dafe290:   0000000000000000 000000f53dafe458
0x000000f53dafe2a0:   0000000080000022 0000000080000022
0x000000f53dafe2b0:   0000000000000000 0000000000000000
0x000000f53dafe2c0:   0000000000000000 0000000000000000
0x000000f53dafe2d0:   000000f500000000 0000000000000000
0x000000f53dafe2e0:   0000000100000000 6f635f6180000022
0x000000f53dafe2f0:   6c675f6e00000000 0000000000000000
0x000000f53dafe300:   0000000000000000 63315f5f776f646e
0x000000f53dafe310:   0000020065736f6c 0000000000000000
0x000000f53dafe320:   0000000000000000 000000f53dafe658
0x000000f53dafe330:   000000f53dafe5f8 ffffffffffffffff
0x000000f53dafe340:   000002f41002a800 000002f450503400
0x000000f53dafe350:   000002f45596ba20 000002f45050a7f0
0x000000f53dafe360:   000002f45596ba20 0000002a00000001
0x000000f53dafe370:   0000000000000048 0000000000000001
0x000000f53dafe380:   0000000000000000 0000000000000000
0x000000f53dafe390:   0000000000000030 ffffffffffffffff
0x000000f53dafe3a0:   ffffffffffffffff 00007ffe4ace8247
0x000000f53dafe3b0:   0000000000000000 000000f53dafe500 

Instructions: (pc=0x00007ffdf2cbbd46)
0x00007ffdf2cbbc46:   a8 00 00 00 41 5e 41 5d 41 5c 5e 5d 5b c3 cc cc
0x00007ffdf2cbbc56:   cc cc cc cc cc cc cc cc cc cc b0 01 c3 cc cc cc
0x00007ffdf2cbbc66:   cc cc cc cc cc cc cc cc cc cc 48 89 5c 24 08 57
0x00007ffdf2cbbc76:   48 83 ec 30 48 8b fa 48 8b d9 48 39 91 28 01 00
0x00007ffdf2cbbc86:   00 0f 84 a5 00 00 00 e8 ae 00 00 00 48 8b 93 28
0x00007ffdf2cbbc96:   01 00 00 48 85 d2 75 04 48 8b 53 08 48 89 54 24
0x00007ffdf2cbbca6:   20 4c 8b c7 48 85 ff 75 04 4c 8b 43 08 48 8d 0d
0x00007ffdf2cbbcb6:   a6 03 01 00 4c 89 44 24 28 e8 7c 79 fe ff 48 8b
0x00007ffdf2cbbcc6:   4c 24 20 4c 8d 44 24 20 48 8d 15 8b f9 ff ff ff
0x00007ffdf2cbbcd6:   15 9d 09 02 00 48 8b 05 2e 0d 02 00 48 85 c0 75
0x00007ffdf2cbbce6:   04 33 c9 eb 03 8b 48 48 4c 8d 44 24 20 48 8d 15
0x00007ffdf2cbbcf6:   a6 f9 ff ff ff 15 80 09 02 00 48 89 bb 28 01 00
0x00007ffdf2cbbd06:   00 e8 74 57 00 00 4c 8b 05 ad 10 02 00 48 8b c8
0x00007ffdf2cbbd16:   48 8b 93 c8 00 00 00 4c 8b cf e8 db 95 fe ff e8
0x00007ffdf2cbbd26:   56 57 00 00 48 8b c8 e8 6e 56 00 00 48 8b 5c 24
0x00007ffdf2cbbd36:   40 48 83 c4 30 5f c3 cc cc cc 40 57 48 83 ec 20
0x00007ffdf2cbbd46:   48 8b 81 28 01 00 00 48 8b f9 48 85 c0 75 04 48
0x00007ffdf2cbbd56:   8b 41 08 48 3b 05 a0 0f 02 00 75 3b 48 89 5c 24
0x00007ffdf2cbbd66:   30 e8 14 57 00 00 4c 8b 05 3d 10 02 00 48 8b c8
0x00007ffdf2cbbd76:   48 8b 97 c8 00 00 00 48 8b d8 e8 7b 95 fe ff 48
0x00007ffdf2cbbd86:   8b cb e8 13 56 00 00 48 8b 5c 24 30 48 c7 05 63
0x00007ffdf2cbbd96:   0f 02 00 00 00 00 00 48 83 c4 20 5f c3 cc cc cc
0x00007ffdf2cbbda6:   cc cc cc cc cc cc cc cc cc cc 40 53 48 83 ec 50
0x00007ffdf2cbbdb6:   48 8b 05 0b e4 01 00 48 33 c4 48 89 44 24 40 48
0x00007ffdf2cbbdc6:   8b d9 48 8b 49 08 ff 15 26 08 02 00 85 c0 0f 85
0x00007ffdf2cbbdd6:   1b 01 00 00 48 8b 4b 08 48 8d 54 24 30 ff 15 7f
0x00007ffdf2cbbde6:   06 02 00 48 8b 4b 08 48 8d 54 24 20 ff 15 d8 06
0x00007ffdf2cbbdf6:   02 00 48 8b 4b 08 4c 8d 44 24 20 41 b9 02 00 00
0x00007ffdf2cbbe06:   00 33 d2 ff 15 c9 06 02 00 8b 44 24 24 2b 44 24
0x00007ffdf2cbbe16:   34 8b 4c 24 20 2b 4c 24 30 8b 54 24 3c 2b 54 24
0x00007ffdf2cbbe26:   2c 44 8b 44 24 38 44 2b 44 24 28 89 83 14 01 00
0x00007ffdf2cbbe36:   00 89 8b 10 01 00 00 89 93 1c 01 00 00 44 89 83 


Stack slot to memory mapping:

stack at sp + 0 slots: 0x0000000000000578 is an unknown value
stack at sp + 1 slots: 0x000000f53dafe1d0 is pointing into the stack for thread: 0x000002f45596ba20
stack at sp + 2 slots: 0x0000000000180016 is an unknown value
stack at sp + 3 slots: 0x00007ffdf2cc95d0 glass.dll
stack at sp + 4 slots: 0x000000f53dafe520 is pointing into the stack for thread: 0x000002f45596ba20
stack at sp + 5 slots: 0x00007ffdf2cbaaf1 glass.dll
stack at sp + 6 slots: 0x0000000000000401 is an unknown value
stack at sp + 7 slots: 0x000002f45592f730 points into unknown readable memory: 0x00007ffdf2cca838 | 38 a8 cc f2 fd 7f 00 00

Lock stack of current Java thread (top to bottom):

native method entry point (kind = native)  [0x000002f40753cee0, 0x000002f40753db38]  3160 bytes
[MachCode]
  0x000002f40753cee0: 488b 4b08 | 0fb7 492e | 584c 8d74 | ccf8 6800 | 0000 0068 | 0000 0000 | 5055 488b | ec41 5568 
  0x000002f40753cf00: 0000 0000 | 4c8b 6b08 | 4d8d 6d38 | 5348 8b53 | 0848 8b52 | 0848 8b52 | 1848 8b52 | 7048 8b12 
  0x000002f40753cf20: 5248 8b53 | 1048 85d2 | 0f84 0700 | 0000 4881 | c210 0100 | 0052 488b | 5308 488b | 5208 488b 
  0x000002f40753cf40: 5210 5249 | 8bc6 482b | c548 c1e8 | 0350 6800 | 0000 0068 | f7ff ffff | 41c6 8771 | 0400 0001 
  0x000002f40753cf60: 488b 4310 | 4885 c074 | 208b 88cc | 0000 0083 | c102 8988 | cc00 0000 | 2388 e000 | 0000 0f84 
  0x000002f40753cf80: 000b 0000 | e9cf 0000 | 0048 8b43 | 1848 85c0 | 0f85 b000 | 0000 e805 | 0000 00e9 | 9900 0000 
  0x000002f40753cfa0: 488b d348 | 8d44 2408 | 4c89 6dc0 | 498b cfc5 | f877 4989 | afb0 0300 | 0049 8987 | a003 0000 
  0x000002f40753cfc0: 4883 ec20 | 40f6 c40f | 0f84 1900 | 0000 4883 | ec08 48b8 | 608d a5bd | fd7f 0000 | ffd0 4883 
  0x000002f40753cfe0: c408 e90c | 0000 0048 | b860 8da5 | bdfd 7f00 | 00ff d048 | 83c4 2049 | c787 a003 | 0000 0000 
  0x000002f40753d000: 0000 49c7 | 87b0 0300 | 0000 0000 | 0049 c787 | a803 0000 | 0000 0000 | c5f8 7749 | 837f 0800 
  0x000002f40753d020: 0f84 0500 | 0000 e995 | 3eff ff4c | 8b6d c04c | 8b75 c84e | 8d74 f500 | c348 8b43 | 1848 85c0 
  0x000002f40753d040: 0f84 1200 | 0000 8b48 | 0883 c102 | 8948 0823 | 481c 0f84 | 2c0a 0000 | 493b a7e8 | 0400 000f 
  0x000002f40753d060: 8748 0000 | 0089 8424 | 00f0 ffff | 8984 2400 | e0ff ff89 | 8424 00d0 | ffff 8984 | 2400 c0ff 
  0x000002f40753d080: ff89 8424 | 00b0 ffff | 8984 2400 | a0ff ff89 | 8424 0090 | ffff 8984 | 2400 80ff | ff49 3ba7 
  0x000002f40753d0a0: e004 0000 | 7607 4989 | a7e8 0400 | 0041 c687 | 7104 0000 | 0049 ba91 | 3134 befd | 7f00 0041 
  0x000002f40753d0c0: 803a 000f | 843e 0000 | 0048 8b55 | e849 8bcf | 4883 ec20 | 40f6 c40f | 0f84 1900 | 0000 4883 
  0x000002f40753d0e0: ec08 48b8 | 807e ddbd | fd7f 0000 | ffd0 4883 | c408 e90c | 0000 0048 | b880 7edd | bdfd 7f00 
  0x000002f40753d100: 00ff d048 | 83c4 2048 | 8b5d e84c | 8b5b 0845 | 0fb7 5b2e | 41c1 e303 | 492b e348 | 83ec 2048 
  0x000002f40753d120: 83e4 f04c | 8b5b 604d | 85db 0f85 | ab00 0000 | e805 0000 | 00e9 9900 | 0000 488b | d348 8d44 
  0x000002f40753d140: 2408 4c89 | 6dc0 498b | cfc5 f877 | 4989 afb0 | 0300 0049 | 8987 a003 | 0000 4883 | ec20 40f6 
  0x000002f40753d160: c40f 0f84 | 1900 0000 | 4883 ec08 | 48b8 c0b4 | a5bd fd7f | 0000 ffd0 | 4883 c408 | e90c 0000 
  0x000002f40753d180: 0048 b8c0 | b4a5 bdfd | 7f00 00ff | d048 83c4 | 2049 c787 | a003 0000 | 0000 0000 | 49c7 87b0 
  0x000002f40753d1a0: 0300 0000 | 0000 0049 | c787 a803 | 0000 0000 | 0000 c5f8 | 7749 837f | 0800 0f84 | 0500 0000 
  0x000002f40753d1c0: e9fb 3cff | ff4c 8b6d | c04c 8b75 | c84e 8d74 | f500 c348 | 8b5d e84c | 8b5b 6041 | ffd3 488b 
  0x000002f40753d1e0: 5de8 4889 | 4518 448b | 5b28 41f6 | c308 0f84 | 1b00 0000 | 4c8b 5b08 | 4d8b 5b08 | 4d8b 5b18 
  0x000002f40753d200: 4d8b 5b70 | 4d8b 1b4c | 895d 1048 | 8d55 1048 | 8b43 5849 | bae0 cbdd | bdfd 7f00 | 0049 3bc2 
  0x000002f40753d220: 0f85 ab00 | 0000 e805 | 0000 00e9 | 9900 0000 | 488b d348 | 8d44 2408 | 4c89 6dc0 | 498b cfc5 
  0x000002f40753d240: f877 4989 | afb0 0300 | 0049 8987 | a003 0000 | 4883 ec20 | 40f6 c40f | 0f84 1900 | 0000 4883 
  0x000002f40753d260: ec08 48b8 | c0b4 a5bd | fd7f 0000 | ffd0 4883 | c408 e90c | 0000 0048 | b8c0 b4a5 | bdfd 7f00 
  0x000002f40753d280: 00ff d048 | 83c4 2049 | c787 a003 | 0000 0000 | 0000 49c7 | 87b0 0300 | 0000 0000 | 0049 c787 
  0x000002f40753d2a0: a803 0000 | 0000 0000 | c5f8 7749 | 837f 0800 | 0f84 0500 | 0000 e905 | 3cff ff4c | 8b6d c04c 
  0x000002f40753d2c0: 8b75 c84e | 8d74 f500 | c348 8b5d | e848 8b43 | 5849 8d8f | c003 0000 | c5f8 7749 | 89af b003 
  0x000002f40753d2e0: 0000 49ba | d8d2 5307 | f402 0000 | 4d89 97a8 | 0300 0049 | 89a7 a003 | 0000 41c7 | 8744 0400 
  0x000002f40753d300: 0004 0000 | 00ff d0c5 | f877 4883 | ec10 c5fb | 1104 2448 | 83ec 1048 | 8904 2448 | c744 2408 
  0x000002f40753d320: 0000 0000 | 41c7 8744 | 0400 0005 | 0000 00f0 | 8344 24c0 | 0049 3baf | 4804 0000 | 0f87 0e00 
  0x000002f40753d340: 0000 4183 | bf40 0400 | 0000 0f84 | 2000 0000 | 498b cf4c | 8be4 4883 | ec20 4883 | e4f0 48b8 
  0x000002f40753d360: 6010 a7bd | fd7f 0000 | ffd0 498b | e44d 33e4 | 41c7 8744 | 0400 0008 | 0000 0049 | c787 a003 
  0x000002f40753d380: 0000 0000 | 0000 49c7 | 87b0 0300 | 0000 0000 | 0049 c787 | a803 0000 | 0000 0000 | c5f8 774d 
  0x000002f40753d3a0: 8b9f 3004 | 0000 41c7 | 8300 0100 | 0000 0000 | 0049 bbda | a553 07f4 | 0200 004c | 3b5d 180f 
  0x000002f40753d3c0: 8524 0300 | 0048 8b04 | 2448 83c4 | 1048 85c0 | 0f84 fe02 | 0000 a803 | 0f85 0800 | 0000 488b 
  0x000002f40753d3e0: 00e9 ee02 | 0000 a801 | 0f85 0900 | 0000 488b | 40fe e9dd | 0200 0048 | 8b40 ff41 | 807f 3800 
  0x000002f40753d400: 0f84 ce02 | 0000 4883 | f800 0f84 | c402 0000 | 4d8b 5f28 | 4983 fb00 | 0f84 1400 | 0000 4983 
  0x000002f40753d420: eb08 4d89 | 5f28 4d03 | 5f30 4989 | 03e9 a202 | 0000 4881 | ec50 0100 | 0048 8904 | 2448 894c 
  0x000002f40753d440: 2408 4889 | 5424 1048 | 8974 2418 | 4889 7c24 | 204c 8944 | 2428 4c89 | 4c24 304c | 8954 2438 
  0x000002f40753d460: 4c89 5c24 | 40c5 fb11 | 4424 50c5 | fb11 4c24 | 58c5 fb11 | 5424 60c5 | fb11 5c24 | 68c5 fb11 
  0x000002f40753d480: 6424 70c5 | fb11 6c24 | 78c5 fb11 | b424 8000 | 0000 c5fb | 11bc 2488 | 0000 00c5 | 7b11 8424 
  0x000002f40753d4a0: 9000 0000 | c57b 118c | 2498 0000 | 00c5 7b11 | 9424 a000 | 0000 c57b | 119c 24a8 | 0000 00c5 
  0x000002f40753d4c0: 7b11 a424 | b000 0000 | c57b 11ac | 24b8 0000 | 00c5 7b11 | b424 c000 | 0000 c57b | 11bc 24c8 
  0x000002f40753d4e0: 0000 0062 | e1ff 0811 | 4424 1a62 | e1ff 0811 | 4c24 1b62 | e1ff 0811 | 5424 1c62 | e1ff 0811 
  0x000002f40753d500: 5c24 1d62 | e1ff 0811 | 6424 1e62 | e1ff 0811 | 6c24 1f62 | e1ff 0811 | 7424 2062 | e1ff 0811 
  0x000002f40753d520: 7c24 2162 | 61ff 0811 | 4424 2262 | 61ff 0811 | 4c24 2362 | 61ff 0811 | 5424 2462 | 61ff 0811 
  0x000002f40753d540: 5c24 2562 | 61ff 0811 | 6424 2662 | 61ff 0811 | 6c24 2762 | 61ff 0811 | 7424 2862 | 61ff 0811 
  0x000002f40753d560: 7c24 2949 | 8bd7 488b | c848 83ec | 2040 f6c4 | 0f0f 8419 | 0000 0048 | 83ec 0848 | b8b0 799a 
  0x000002f40753d580: bdfd 7f00 | 00ff d048 | 83c4 08e9 | 0c00 0000 | 48b8 b079 | 9abd fd7f | 0000 ffd0 | 4883 c420 
  0x000002f40753d5a0: 6261 ff08 | 107c 2429 | 6261 ff08 | 1074 2428 | 6261 ff08 | 106c 2427 | 6261 ff08 | 1064 2426 
  0x000002f40753d5c0: 6261 ff08 | 105c 2425 | 6261 ff08 | 1054 2424 | 6261 ff08 | 104c 2423 | 6261 ff08 | 1044 2422 
  0x000002f40753d5e0: 62e1 ff08 | 107c 2421 | 62e1 ff08 | 1074 2420 | 62e1 ff08 | 106c 241f | 62e1 ff08 | 1064 241e 
  0x000002f40753d600: 62e1 ff08 | 105c 241d | 62e1 ff08 | 1054 241c | 62e1 ff08 | 104c 241b | 62e1 ff08 | 1044 241a 
  0x000002f40753d620: c57b 10bc | 24c8 0000 | 00c5 7b10 | b424 c000 | 0000 c57b | 10ac 24b8 | 0000 00c5 | 7b10 a424 
  0x000002f40753d640: b000 0000 | c57b 109c | 24a8 0000 | 00c5 7b10 | 9424 a000 | 0000 c57b | 108c 2498 | 0000 00c5 
  0x000002f40753d660: 7b10 8424 | 9000 0000 | c5fb 10bc | 2488 0000 | 00c5 fb10 | b424 8000 | 0000 c5fb | 106c 2478 
  0x000002f40753d680: c5fb 1064 | 2470 c5fb | 105c 2468 | c5fb 1054 | 2460 c5fb | 104c 2458 | c5fb 1044 | 2450 4c8b 
  0x000002f40753d6a0: 5c24 404c | 8b54 2438 | 4c8b 4c24 | 304c 8b44 | 2428 488b | 7c24 2048 | 8b74 2418 | 488b 5424 
  0x000002f40753d6c0: 1048 8b4c | 2408 488b | 0424 4881 | c450 0100 | 00c5 f877 | 4889 4510 | 4883 ec10 | 4889 0424 
  0x000002f40753d6e0: 48c7 4424 | 0800 0000 | 0041 83bf | c804 0000 | 020f 85bf | 0000 0048 | 81ec 8000 | 0000 4889 
  0x000002f40753d700: 4424 7848 | 894c 2470 | 4889 5424 | 6848 895c | 2460 4889 | 6c24 5048 | 8974 2448 | 4889 7c24 
  0x000002f40753d720: 404c 8944 | 2438 4c89 | 4c24 304c | 8954 2428 | 4c89 5c24 | 204c 8964 | 2418 4c89 | 6c24 104c 
  0x000002f40753d740: 8974 2408 | 4c89 3c24 | 4c8b e448 | 83ec 2048 | 83e4 f048 | b850 b3dd | bdfd 7f00 | 00ff d049 
  0x000002f40753d760: 8be4 4c8b | 3c24 4c8b | 7424 084c | 8b6c 2410 | 4c8b 6424 | 184c 8b5c | 2420 4c8b | 5424 284c 
  0x000002f40753d780: 8b4c 2430 | 4c8b 4424 | 3848 8b7c | 2440 488b | 7424 4848 | 8b6c 2450 | 488b 5c24 | 6048 8b54 
  0x000002f40753d7a0: 2468 488b | 4c24 7048 | 8b44 2478 | 4881 c480 | 0000 004d | 33e4 488b | 5de8 4c8b | 6b08 4d8d 
  0x000002f40753d7c0: 6d38 4983 | 7f08 000f | 84bb 0000 | 00e8 0500 | 0000 e996 | 0000 0048 | 8d44 2408 | 4c89 6dc0 
  0x000002f40753d7e0: 498b cfc5 | f877 4989 | afb0 0300 | 0049 8987 | a003 0000 | 4883 ec20 | 40f6 c40f | 0f84 1900 
  0x000002f40753d800: 0000 4883 | ec08 48b8 | d0d2 a5bd | fd7f 0000 | ffd0 4883 | c408 e90c | 0000 0048 | b8d0 d2a5 
  0x000002f40753d820: bdfd 7f00 | 00ff d048 | 83c4 2049 | c787 a003 | 0000 0000 | 0000 49c7 | 87b0 0300 | 0000 0000 
  0x000002f40753d840: 0049 c787 | a803 0000 | 0000 0000 | c5f8 7749 | 837f 0800 | 0f84 0500 | 0000 e961 | 36ff ff4c 
  0x000002f40753d860: 8b6d c04c | 8b75 c84e | 8d74 f500 | c348 b920 | 8e0a befd | 7f00 0048 | 83e4 f048 | b880 b3cb 
  0x000002f40753d880: bdfd 7f00 | 00ff d0f4 | 448b 5b28 | 41f6 c320 | 0f84 7901 | 0000 488d | 55a8 4c8b | 5a08 4d85 
  0x000002f40753d8a0: db0f 85bb | 0000 00e8 | 0500 0000 | e996 0000 | 0048 8d44 | 2408 4c89 | 6dc0 498b | cfc5 f877 
  0x000002f40753d8c0: 4989 afb0 | 0300 0049 | 8987 a003 | 0000 4883 | ec20 40f6 | c40f 0f84 | 1900 0000 | 4883 ec08 
  0x000002f40753d8e0: 48b8 00d2 | a5bd fd7f | 0000 ffd0 | 4883 c408 | e90c 0000 | 0048 b800 | d2a5 bdfd | 7f00 00ff 
  0x000002f40753d900: d048 83c4 | 2049 c787 | a003 0000 | 0000 0000 | 49c7 87b0 | 0300 0000 | 0000 0049 | c787 a803 
  0x000002f40753d920: 0000 0000 | 0000 c5f8 | 7749 837f | 0800 0f84 | 0500 0000 | e987 35ff | ff4c 8b6d | c04c 8b75 
  0x000002f40753d940: c84e 8d74 | f500 c348 | b920 8e0a | befd 7f00 | 0048 83e4 | f048 b880 | b3cb bdfd | 7f00 00ff 
  0x000002f40753d960: d0f4 4c89 | 6dc0 4c8b | 4a08 48c7 | 4208 0000 | 0000 458b | 8718 0600 | 004f 3b4c | 07f8 0f85 
  0x000002f40753d980: 4900 0000 | 4183 af18 | 0600 0008 | 4f3b 4c07 | f00f 842a | 0000 0049 | 8b01 a802 | 0f85 1200 
  0x000002f40753d9a0: 0000 4c8b | c049 83c8 | 01f0 4d0f | b101 0f84 | 0d00 0000 | 4183 8718 | 0600 0008 | e90c 0000 
  0x000002f40753d9c0: 0049 ff8f | 5005 0000 | e93e 0000 | 004c 894a | 0848 8bca | 4883 ec20 | 40f6 c40f | 0f84 1900 
  0x000002f40753d9e0: 0000 4883 | ec08 48b8 | c0a4 a5bd | fd7f 0000 | ffd0 4883 | c408 e90c | 0000 0048 | b8c0 a4a5 
  0x000002f40753da00: bdfd 7f00 | 00ff d048 | 83c4 204c | 8b6d c049 | ba91 3134 | befd 7f00 | 0041 803a | 000f 843e 
  0x000002f40753da20: 0000 0048 | 8b55 e849 | 8bcf 4883 | ec20 40f6 | c40f 0f84 | 1900 0000 | 4883 ec08 | 48b8 807e 
  0x000002f40753da40: ddbd fd7f | 0000 ffd0 | 4883 c408 | e90c 0000 | 0048 b880 | 7edd bdfd | 7f00 00ff | d048 83c4 
  0x000002f40753da60: 2048 8b04 | 2448 83c4 | 10c5 fb10 | 0424 4883 | c410 4c8b | 5d18 41ff | d34c 8b5d | f8c9 5f49 
  0x000002f40753da80: 8be3 ffe7 | ba00 0000 | 00e8 0500 | 0000 e996 | 0000 0048 | 8d44 2408 | 4c89 6dc0 | 498b cfc5 
  0x000002f40753daa0: f877 4989 | afb0 0300 | 0049 8987 | a003 0000 | 4883 ec20 | 40f6 c40f | 0f84 1900 | 0000 4883 
  0x000002f40753dac0: ec08 48b8 | 7098 a5bd | fd7f 0000 | ffd0 4883 | c408 e90c | 0000 0048 | b870 98a5 | bdfd 7f00 
  0x000002f40753dae0: 00ff d048 | 83c4 2049 | c787 a003 | 0000 0000 | 0000 49c7 | 87b0 0300 | 0000 0000 | 0049 c787 
  0x000002f40753db00: a803 0000 | 0000 0000 | c5f8 7749 | 837f 0800 | 0f84 0500 | 0000 e9a5 | 33ff ff4c | 8b6d c04c 
  0x000002f40753db20: 8b75 c84e | 8d74 f500 | c348 8b5d | e8e9 26f5 | ffff 660f | 1f44 0000 
[/MachCode]

Compiled method (c1) 20983 1256       3       java.security.AccessController::doPrivileged (17 bytes)
 total in heap  [0x000002f400177588,0x000002f400177b10] = 1416
 relocation     [0x000002f400177660,0x000002f4001776f8] = 152
 main code      [0x000002f400177700,0x000002f400177a80] = 896
 stub code      [0x000002f400177a80,0x000002f400177af8] = 120
 metadata       [0x000002f400177af8,0x000002f400177b10] = 24
 immutable data [0x000002f454ed4390,0x000002f454ed4528] = 408
 dependencies   [0x000002f454ed4390,0x000002f454ed4398] = 8
 nul chk table  [0x000002f454ed4398,0x000002f454ed43a8] = 16
 scopes pcs     [0x000002f454ed43a8,0x000002f454ed4468] = 192
 scopes data    [0x000002f454ed4468,0x000002f454ed4528] = 192

[Constant Pool (empty)]

[MachCode]
[Verified Entry Point]
  # {method} {0x000002f40f499c40} 'doPrivileged' '(Ljava/security/PrivilegedAction;Ljava/security/AccessControlContext;)Ljava/lang/Object;' in 'java/security/AccessController'
  # parm0:    rdx:rdx   = 'java/security/PrivilegedAction'
  # parm1:    r8:r8     = 'java/security/AccessControlContext'
  #           [sp+0x80]  (sp of caller)
  0x000002f400177700: 8984 2400 | 80ff ff55 | 4883 ec70 | 4181 7f20 | 0300 0000 

  0x000002f400177714: ;   {runtime_call StubRoutines (final stubs)}
  0x000002f400177714: 7405 e845 

  0x000002f400177718: ;   {metadata(method data for {method} {0x000002f40f499c40} 'doPrivileged' '(Ljava/security/PrivilegedAction;Ljava/security/AccessControlContext;)Ljava/lang/Object;' in 'java/security/AccessController')}
  0x000002f400177718: 2c3f 0748 | bec8 1e24 | 50f4 0200 | 008b becc | 0000 0083 | c702 89be | cc00 0000 | 81e7 fe07 
  0x000002f400177738: 0000 85ff | 0f84 7402 | 0000 4c89 | 4424 4048 | 8954 2448 

  0x000002f40017774c: ;   {metadata(method data for {method} {0x000002f40f499c40} 'doPrivileged' '(Ljava/security/PrivilegedAction;Ljava/security/AccessControlContext;)Ljava/lang/Object;' in 'java/security/AccessController')}
  0x000002f40017774c: 48be c81e | 2450 f402 | 0000 4883 | 8618 0100 

  0x000002f40017775c: ;   {static_call}
  0x000002f40017775c: 0001 90e8 

  0x000002f400177760: ; ImmutableOopMap {[64]=Oop [72]=Oop }
                      ;*invokestatic getCallerClass {reexecute=0 rethrow=0 return_oop=0}
                      ; - java.security.AccessController::doPrivileged@0 (line 398)
  0x000002f400177760: 4c18 9807 

  0x000002f400177764: ;   {other}
  0x000002f400177764: 0f1f 8400 | dc01 0000 | 4889 4424 

  0x000002f400177770: ;   {metadata(method data for {method} {0x000002f40f499c40} 'doPrivileged' '(Ljava/security/PrivilegedAction;Ljava/security/AccessControlContext;)Ljava/lang/Object;' in 'java/security/AccessController')}
  0x000002f400177770: 5048 bac8 | 1e24 50f4 | 0200 0048 | 8382 2801 | 0000 0148 | 8b54 2440 | 4c8b c00f 

  0x000002f40017778c: ;   {static_call}
  0x000002f40017778c: 1f40 00e8 

  0x000002f400177790: ; ImmutableOopMap {[72]=Oop [80]=Oop }
                      ;*invokestatic checkContext {reexecute=0 rethrow=0 return_oop=0}
                      ; - java.security.AccessController::doPrivileged@6 (line 399)
  0x000002f400177790: 8cf2 ffff 

  0x000002f400177794: ;   {other}
  0x000002f400177794: 0f1f 8400 | 0c02 0001 | 4889 4424 

  0x000002f4001777a0: ;   {metadata(method data for {method} {0x000002f40f499c40} 'doPrivileged' '(Ljava/security/PrivilegedAction;Ljava/security/AccessControlContext;)Ljava/lang/Object;' in 'java/security/AccessController')}
  0x000002f4001777a0: 5848 bac8 | 1e24 50f4 | 0200 0048 | 8382 3801 

  0x000002f4001777b0: ;   {metadata(method data for {method} {0x000002f40f499ec8} 'executePrivileged' '(Ljava/security/PrivilegedAction;Ljava/security/AccessControlContext;Ljava/lang/Class;)Ljava/lang/Object;' in 'java/security/AccessController')}
  0x000002f4001777b0: 0000 0148 | ba88 740d | 50f4 0200 | 008b b2cc | 0000 0083 | c602 89b2 | cc00 0000 | 81e6 feff 
  0x000002f4001777d0: 1f00 85f6 | 0f84 fd01 | 0000 4885 

  0x000002f4001777dc: ;   {metadata(method data for {method} {0x000002f40f499ec8} 'executePrivileged' '(Ljava/security/PrivilegedAction;Ljava/security/AccessControlContext;Ljava/lang/Class;)Ljava/lang/Object;' in 'java/security/AccessController')}
  0x000002f4001777dc: c048 ba88 | 740d 50f4 | 0200 00be | 1801 0000 | 7405 be28 | 0100 0048 | 8b3c 3248 | 8d7f 0148 
  0x000002f4001777fc: 893c 320f | 8427 0000 

  0x000002f400177804: ;   {metadata(method data for {method} {0x000002f40f499ec8} 'executePrivileged' '(Ljava/security/PrivilegedAction;Ljava/security/AccessControlContext;Ljava/lang/Class;)Ljava/lang/Object;' in 'java/security/AccessController')}
  0x000002f400177804: 0048 ba88 | 740d 50f4 | 0200 0048 | 8382 3801 | 0000 0148 | 8bd0 0f1f 

  0x000002f40017781c: ;   {static_call}
  0x000002f40017781c: 4400 00e8 

  0x000002f400177820: ; ImmutableOopMap {[72]=Oop [80]=Oop [88]=Oop }
                      ;*invokestatic ensureMaterializedForStackWalk {reexecute=0 rethrow=0 return_oop=0}
                      ; - java.security.AccessController::executePrivileged@5 (line 774)
                      ; - java.security.AccessController::doPrivileged@13 (line 400)
  0x000002f400177820: 0c24 9807 

  0x000002f400177824: ;   {other}
  0x000002f400177824: 0f1f 8400 | 9c02 0002 

  0x000002f40017782c: ;   {metadata(method data for {method} {0x000002f40f499ec8} 'executePrivileged' '(Ljava/security/PrivilegedAction;Ljava/security/AccessControlContext;Ljava/lang/Class;)Ljava/lang/Object;' in 'java/security/AccessController')}
  0x000002f40017782c: 48ba 8874 | 0d50 f402 | 0000 ff82 | 4801 0000 | 488b 5424 | 4848 3b02 

  0x000002f400177844: ;   {metadata(method data for {method} {0x000002f40f499ec8} 'executePrivileged' '(Ljava/security/PrivilegedAction;Ljava/security/AccessControlContext;Ljava/lang/Class;)Ljava/lang/Object;' in 'java/security/AccessController')}
  0x000002f400177844: 488b f248 | bf88 740d | 50f4 0200 | 008b 7608 | 49ba 0000 | 000f f402 | 0000 4903 | f248 3bb7 
  0x000002f400177864: b001 0000 | 750d 4883 | 87b8 0100 | 0001 e960 | 0000 0048 | 3bb7 c001 | 0000 750d | 4883 87c8 
  0x000002f400177884: 0100 0001 | e94a 0000 | 0048 83bf | b001 0000 | 0075 1748 | 89b7 b001 | 0000 48c7 | 87b8 0100 
  0x000002f4001778a4: 0001 0000 | 00e9 2900 | 0000 4883 | bfc0 0100 | 0000 7517 | 4889 b7c0 | 0100 0048 | c787 c801 
  0x000002f4001778c4: 0000 0100 | 0000 e908 | 0000 0048 | 8387 a801 | 0000 0166 | 0f1f 4400 | 0048 b810 | 9ef4 54f4 
  0x000002f4001778e4: ;   {virtual_call}
  0x000002f4001778e4: 0200 00e8 

  0x000002f4001778e8: ; ImmutableOopMap {[80]=Oop [88]=Oop }
                      ;*invokeinterface run {reexecute=0 rethrow=0 return_oop=0}
                      ; - java.security.AccessController::executePrivileged@29 (line 778)
                      ; - java.security.AccessController::doPrivileged@13 (line 400)
  0x000002f4001778e8: e466 4e07 

  0x000002f4001778ec: ;   {other}
  0x000002f4001778ec: 0f1f 8400 | 6403 0003 

  0x000002f4001778f4: ;   {metadata(method data for {method} {0x000002f40f499ec8} 'executePrivileged' '(Ljava/security/PrivilegedAction;Ljava/security/AccessControlContext;Ljava/lang/Class;)Ljava/lang/Object;' in 'java/security/AccessController')}
  0x000002f4001778f4: 48ba 8874 | 0d50 f402 | 0000 ff82 | d801 0000 

  0x000002f400177904: ;   {metadata(method data for {method} {0x000002f40f499ec8} 'executePrivileged' '(Ljava/security/PrivilegedAction;Ljava/security/AccessControlContext;Ljava/lang/Class;)Ljava/lang/Object;' in 'java/security/AccessController')}
  0x000002f400177904: 48ba 8874 | 0d50 f402 | 0000 4883 | 8238 0200 | 0001 488b | d048 8944 

  0x000002f40017791c: ;   {static_call}
  0x000002f40017791c: 2460 90e8 

  0x000002f400177920: ; ImmutableOopMap {[80]=Oop [88]=Oop [96]=Oop }
                      ;*invokestatic ensureMaterializedForStackWalk {reexecute=0 rethrow=0 return_oop=0}
                      ; - java.security.AccessController::executePrivileged@56 (line 786)
                      ; - java.security.AccessController::doPrivileged@13 (line 400)
  0x000002f400177920: 0c23 9807 

  0x000002f400177924: ;   {other}
  0x000002f400177924: 0f1f 8400 | 9c03 0004 

  0x000002f40017792c: ;   {metadata(method data for {method} {0x000002f40f499ec8} 'executePrivileged' '(Ljava/security/PrivilegedAction;Ljava/security/AccessControlContext;Ljava/lang/Class;)Ljava/lang/Object;' in 'java/security/AccessController')}
  0x000002f40017792c: 48b8 8874 | 0d50 f402 | 0000 4883 | 8048 0200 

  0x000002f40017793c: ;   {metadata(method data for {method} {0x000002f40f1952c8} 'reachabilityFence' '(Ljava/lang/Object;)V' in 'java/lang/ref/Reference')}
  0x000002f40017793c: 0001 48b8 | 50eb 0a50 | f402 0000 | 8bb0 cc00 | 0000 83c6 | 0289 b0cc | 0000 0081 | e6fe ff1f 
  0x000002f40017795c: 0085 f60f | 8498 0000 

  0x000002f400177964: ;   {metadata(method data for {method} {0x000002f40f499ec8} 'executePrivileged' '(Ljava/security/PrivilegedAction;Ljava/security/AccessControlContext;Ljava/lang/Class;)Ljava/lang/Object;' in 'java/security/AccessController')}
  0x000002f400177964: 0048 b888 | 740d 50f4 | 0200 0048 | 8380 5802 

  0x000002f400177974: ;   {metadata(method data for {method} {0x000002f40f1952c8} 'reachabilityFence' '(Ljava/lang/Object;)V' in 'java/lang/ref/Reference')}
  0x000002f400177974: 0000 0148 | b850 eb0a | 50f4 0200 | 008b b0cc | 0000 0083 | c602 89b0 | cc00 0000 | 81e6 feff 
  0x000002f400177994: 1f00 85f6 | 0f84 8000 | 0000 488b | 4424 6048 | 83c4 705d 

  0x000002f4001779a8: ;   {poll_return}
  0x000002f4001779a8: 493b a748 | 0400 000f | 878a 0000 

  0x000002f4001779b4: ;   {metadata({method} {0x000002f40f499c40} 'doPrivileged' '(Ljava/security/PrivilegedAction;Ljava/security/AccessControlContext;)Ljava/lang/Object;' in 'java/security/AccessController')}
  0x000002f4001779b4: 00c3 49ba | 389c 490f | f402 0000 | 4c89 5424 | 0848 c704 | 24ff ffff 

  0x000002f4001779cc: ;   {runtime_call counter_overflow Runtime1 stub}
  0x000002f4001779cc: ffe8 8eee 

  0x000002f4001779d0: ; ImmutableOopMap {rdx=Oop r8=Oop }
                      ;*synchronization entry
                      ; - java.security.AccessController::doPrivileged@-1 (line 398)
  0x000002f4001779d0: 4d07 e96b 

  0x000002f4001779d4: ;   {metadata({method} {0x000002f40f499ec8} 'executePrivileged' '(Ljava/security/PrivilegedAction;Ljava/security/AccessControlContext;Ljava/lang/Class;)Ljava/lang/Object;' in 'java/security/AccessController')}
  0x000002f4001779d4: fdff ff49 | bac0 9e49 | 0ff4 0200 | 004c 8954 | 2408 48c7 | 0424 ffff 

  0x000002f4001779ec: ;   {runtime_call counter_overflow Runtime1 stub}
  0x000002f4001779ec: ffff e86d 

  0x000002f4001779f0: ; ImmutableOopMap {rax=Oop [72]=Oop [80]=Oop [88]=Oop }
                      ;*synchronization entry
                      ; - java.security.AccessController::executePrivileged@-1 (line 773)
                      ; - java.security.AccessController::doPrivileged@13 (line 400)
  0x000002f4001779f0: ee4d 07e9 | e2fd ffff 

  0x000002f4001779f8: ;   {runtime_call throw_null_pointer_exception Runtime1 stub}
  0x000002f4001779f8: e8e3 524d 

  0x000002f4001779fc: ; ImmutableOopMap {rdx=Oop [80]=Oop [88]=Oop }
                      ;*invokeinterface run {reexecute=0 rethrow=0 return_oop=0}
                      ; - java.security.AccessController::executePrivileged@29 (line 778)
                      ; - java.security.AccessController::doPrivileged@13 (line 400)
                      ;   {metadata({method} {0x000002f40f1952c8} 'reachabilityFence' '(Ljava/lang/Object;)V' in 'java/lang/ref/Reference')}
  0x000002f4001779fc: 0749 bac0 | 5219 0ff4 | 0200 004c | 8954 2408 | 48c7 0424 | ffff ffff 

  0x000002f400177a14: ;   {runtime_call counter_overflow Runtime1 stub}
  0x000002f400177a14: e847 ee4d 

  0x000002f400177a18: ; ImmutableOopMap {[80]=Oop [96]=Oop }
                      ;*synchronization entry
                      ; - java.lang.ref.Reference::reachabilityFence@-1 (line 661)
                      ; - java.security.AccessController::executePrivileged@60 (line 790)
                      ; - java.security.AccessController::doPrivileged@13 (line 400)
  0x000002f400177a18: 07e9 47ff 

  0x000002f400177a1c: ;   {metadata({method} {0x000002f40f1952c8} 'reachabilityFence' '(Ljava/lang/Object;)V' in 'java/lang/ref/Reference')}
  0x000002f400177a1c: ffff 49ba | c052 190f | f402 0000 | 4c89 5424 | 0848 c704 | 24ff ffff 

  0x000002f400177a34: ;   {runtime_call counter_overflow Runtime1 stub}
  0x000002f400177a34: ffe8 26ee 

  0x000002f400177a38: ; ImmutableOopMap {[96]=Oop }
                      ;*synchronization entry
                      ; - java.lang.ref.Reference::reachabilityFence@-1 (line 661)
                      ; - java.security.AccessController::executePrivileged@64 (line 791)
                      ; - java.security.AccessController::doPrivileged@13 (line 400)
  0x000002f400177a38: 4d07 e95f 

  0x000002f400177a3c: ;   {internal_word}
  0x000002f400177a3c: ffff ff49 | baa8 7917 | 00f4 0200 | 004d 8997 | 6004 0000 

  0x000002f400177a50: ;   {runtime_call SafepointBlob}
  0x000002f400177a50: e98b ed40 | 0749 8b87 | 0005 0000 | 49c7 8700 | 0500 0000 | 0000 0049 | c787 0805 | 0000 0000 
  0x000002f400177a70: 0000 4883 

  0x000002f400177a74: ;   {runtime_call unwind_exception Runtime1 stub}
  0x000002f400177a74: c470 5de9 | 6443 4d07 | f4f4 f4f4 
[Stub Code]
  0x000002f400177a80: ;   {no_reloc}
  0x000002f400177a80: 0f1f 4400 

  0x000002f400177a84: ;   {static_stub}
  0x000002f400177a84: 0048 bb00 | 0000 0000 

  0x000002f400177a8c: ;   {runtime_call nmethod}
  0x000002f400177a8c: 0000 00e9 | fbff ffff 

  0x000002f400177a94: ;   {static_stub}
  0x000002f400177a94: 48bb 0000 | 0000 0000 

  0x000002f400177a9c: ;   {runtime_call nmethod}
  0x000002f400177a9c: 0000 e9fb 

  0x000002f400177aa0: ;   {static_stub}
  0x000002f400177aa0: ffff ff48 | bb00 0000 | 0000 0000 

  0x000002f400177aac: ;   {runtime_call nmethod}
  0x000002f400177aac: 00e9 fbff 

  0x000002f400177ab0: ;   {static_stub}
  0x000002f400177ab0: ffff 48bb | 0000 0000 | 0000 0000 

  0x000002f400177abc: ;   {runtime_call nmethod}
  0x000002f400177abc: e9fb ffff 

  0x000002f400177ac0: ;   {runtime_call handle_exception_from_callee Runtime1 stub}
  0x000002f400177ac0: ffe8 1aa0 

  0x000002f400177ac4: ;   {external_word}
  0x000002f400177ac4: 4d07 48b9 | 208e 0abe | fd7f 0000 | 4883 e4f0 

  0x000002f400177ad4: ;   {runtime_call}
  0x000002f400177ad4: 48b8 80b3 | cbbd fd7f | 0000 ffd0 

  0x000002f400177ae0: ;   {section_word}
  0x000002f400177ae0: f449 bae1 | 7a17 00f4 | 0200 0041 

  0x000002f400177aec: ;   {runtime_call DeoptimizationBlob}
  0x000002f400177aec: 52e9 0e01 | 4107 f4f4 | f4f4 f4f4 
[/MachCode]


---------------  P R O C E S S  ---------------

Threads class SMR info:
_java_thread_list=0x000002f455d23ea0, length=19, elements={
0x000002f46b96f950, 0x000002f478e75450, 0x000002f478e7a180, 0x000002f478e7e940,
0x000002f478e7f620, 0x000002f478e80230, 0x000002f478e89410, 0x000002f478e8e860,
0x000002f478e8f4c0, 0x000002f4541213f0, 0x000002f454914290, 0x000002f4555664b0,
0x000002f45595e3d0, 0x000002f45596ba20, 0x000002f4546cedb0, 0x000002f454bf7590,
0x000002f45505ed60, 0x000002f4550614c0, 0x000002f455060e30
}

Java Threads: ( => current thread )
  0x000002f46b96f950 JavaThread "main"                              [_thread_blocked, id=24844, stack(0x000000f53c200000,0x000000f53c300000) (1024K)]
  0x000002f478e75450 JavaThread "Reference Handler"          daemon [_thread_blocked, id=21388, stack(0x000000f53ca00000,0x000000f53cb00000) (1024K)]
  0x000002f478e7a180 JavaThread "Finalizer"                  daemon [_thread_blocked, id=5604, stack(0x000000f53cb00000,0x000000f53cc00000) (1024K)]
  0x000002f478e7e940 JavaThread "Signal Dispatcher"          daemon [_thread_blocked, id=23368, stack(0x000000f53cc00000,0x000000f53cd00000) (1024K)]
  0x000002f478e7f620 JavaThread "Attach Listener"            daemon [_thread_blocked, id=21608, stack(0x000000f53cd00000,0x000000f53ce00000) (1024K)]
  0x000002f478e80230 JavaThread "Service Thread"             daemon [_thread_blocked, id=8888, stack(0x000000f53ce00000,0x000000f53cf00000) (1024K)]
  0x000002f478e89410 JavaThread "Monitor Deflation Thread"   daemon [_thread_blocked, id=21012, stack(0x000000f53cf00000,0x000000f53d000000) (1024K)]
  0x000002f478e8e860 JavaThread "C2 CompilerThread0"         daemon [_thread_blocked, id=12900, stack(0x000000f53d000000,0x000000f53d100000) (1024K)]
  0x000002f478e8f4c0 JavaThread "C1 CompilerThread0"         daemon [_thread_blocked, id=19728, stack(0x000000f53d100000,0x000000f53d200000) (1024K)]
  0x000002f4541213f0 JavaThread "Common-Cleaner"             daemon [_thread_blocked, id=15560, stack(0x000000f53d200000,0x000000f53d300000) (1024K)]
  0x000002f454914290 JavaThread "Notification Thread"        daemon [_thread_blocked, id=24508, stack(0x000000f53d400000,0x000000f53d500000) (1024K)]
  0x000002f4555664b0 JavaThread "QuantumRenderer-0"          daemon [_thread_blocked, id=1956, stack(0x000000f53d500000,0x000000f53d600000) (1024K)]
  0x000002f45595e3d0 JavaThread "InvokeLaterDispatcher"      daemon [_thread_blocked, id=5364, stack(0x000000f53d600000,0x000000f53d700000) (1024K)]
=>0x000002f45596ba20 JavaThread "JavaFX Application Thread"         [_thread_in_native, id=13108, stack(0x000000f53da00000,0x000000f53db00000) (1024K)]
  0x000002f4546cedb0 JavaThread "Thread-1"                   daemon [_thread_in_native, id=6344, stack(0x000000f53de00000,0x000000f53df00000) (1024K)]
  0x000002f454bf7590 JavaThread "JavaFX-Launcher"                   [_thread_blocked, id=15152, stack(0x000000f53df00000,0x000000f53e000000) (1024K)]
  0x000002f45505ed60 JavaThread "Prism Font Disposer"        daemon [_thread_blocked, id=18092, stack(0x000000f53e300000,0x000000f53e400000) (1024K)]
  0x000002f4550614c0 JavaThread "Thread-3"                   daemon [_thread_blocked, id=3416, stack(0x000000f53d300000,0x000000f53d400000) (1024K)]
  0x000002f455060e30 JavaThread "Cleaner-0"                  daemon [_thread_blocked, id=18456, stack(0x000000f53e500000,0x000000f53e600000) (1024K)]
Total: 19

Other Threads:
  0x000002f478e600b0 VMThread "VM Thread"                           [id=1116, stack(0x000000f53c900000,0x000000f53ca00000) (1024K)]
  0x000002f478e4cc60 WatcherThread "VM Periodic Task Thread"        [id=19200, stack(0x000000f53c800000,0x000000f53c900000) (1024K)]
  0x000002f46b9c3470 WorkerThread "GC Thread#0"                     [id=24468, stack(0x000000f53c300000,0x000000f53c400000) (1024K)]
  0x000002f45596b670 WorkerThread "GC Thread#1"                     [id=13264, stack(0x000000f53d700000,0x000000f53d800000) (1024K)]
  0x000002f4558dd8b0 WorkerThread "GC Thread#2"                     [id=25408, stack(0x000000f53d800000,0x000000f53d900000) (1024K)]
  0x000002f4558dec70 WorkerThread "GC Thread#3"                     [id=17004, stack(0x000000f53d900000,0x000000f53da00000) (1024K)]
  0x000002f46b9d77a0 ConcurrentGCThread "G1 Main Marker"            [id=25072, stack(0x000000f53c400000,0x000000f53c500000) (1024K)]
  0x000002f46b9d81c0 WorkerThread "G1 Conc#0"                       [id=11632, stack(0x000000f53c500000,0x000000f53c600000) (1024K)]
  0x000002f478d217f0 ConcurrentGCThread "G1 Refine#0"               [id=5556, stack(0x000000f53c600000,0x000000f53c700000) (1024K)]
  0x000002f478d22180 ConcurrentGCThread "G1 Service"                [id=5668, stack(0x000000f53c700000,0x000000f53c800000) (1024K)]
Total: 10

Threads with active compile tasks:
Total: 0

VM state: not at safepoint (normal execution)

VM Mutex/Monitor currently owned by a thread: None

Heap address: 0x0000000084e00000, size: 1970 MB, Compressed Oops mode: 32-bit

CDS archive(s) mapped at: [0x000002f40f000000-0x000002f40fd70000-0x000002f40fd70000), size 14090240, SharedBaseAddress: 0x000002f40f000000, ArchiveRelocationMode: 1.
Compressed class space mapped at: 0x000002f410000000-0x000002f450000000, reserved size: 1073741824
Narrow klass base: 0x000002f40f000000, Narrow klass shift: 0, Narrow klass range: 0x41000000

GC Precious Log:
 CardTable entry size: 512
 Card Set container configuration: InlinePtr #cards 5 size 8 Array Of Cards #cards 10 size 36 Howl #buckets 4 coarsen threshold 1843 Howl Bitmap #cards 512 size 80 coarsen threshold 460 Card regions per heap region 1 cards per card region 2048
 CPUs: 4 total, 4 available
 Memory: 7874M
 Large Page Support: Disabled
 NUMA Support: Disabled
 Compressed Oops: Enabled (32-bit)
 Heap Region Size: 1M
 Heap Min Capacity: 8M
 Heap Initial Capacity: 124M
 Heap Max Capacity: 1970M
 Pre-touch: Disabled
 Parallel Workers: 4
 Concurrent Workers: 1
 Concurrent Refinement Workers: 4
 Periodic GC: Disabled

Heap:
 garbage-first heap   total reserved 2017280K, committed 78848K, used 30454K [0x0000000084e00000, 0x0000000100000000)
  region size 1024K, 12 young (12288K), 3 survivors (3072K)
 Metaspace       used 25087K, committed 25472K, reserved 1114112K
  class space    used 3485K, committed 3648K, reserved 1048576K

Heap Regions: E=young(eden), S=young(survivor), O=old, HS=humongous(starts), HC=humongous(continues), CS=collection set, F=free, TAMS=top-at-mark-start, PB=parsable bottom
|   0|0x0000000084e00000, 0x0000000084f00000, 0x0000000084f00000|100%| O|  |TAMS 0x0000000084e00000| PB 0x0000000084e00000| Untracked |  0
|   1|0x0000000084f00000, 0x0000000085000000, 0x0000000085000000|100%| O|  |TAMS 0x0000000084f00000| PB 0x0000000084f00000| Untracked |  0
|   2|0x0000000085000000, 0x0000000085100000, 0x0000000085100000|100%| O|  |TAMS 0x0000000085000000| PB 0x0000000085000000| Untracked |  0
|   3|0x0000000085100000, 0x0000000085200000, 0x0000000085200000|100%| O|  |TAMS 0x0000000085100000| PB 0x0000000085100000| Untracked |  0
|   4|0x0000000085200000, 0x0000000085300000, 0x0000000085300000|100%| O|  |TAMS 0x0000000085200000| PB 0x0000000085200000| Untracked |  0
|   5|0x0000000085300000, 0x0000000085400000, 0x0000000085400000|100%| O|  |TAMS 0x0000000085300000| PB 0x0000000085300000| Untracked |  0
|   6|0x0000000085400000, 0x0000000085500000, 0x0000000085500000|100%| O|  |TAMS 0x0000000085400000| PB 0x0000000085400000| Untracked |  0
|   7|0x0000000085500000, 0x00000000855def08, 0x0000000085600000| 87%| O|  |TAMS 0x0000000085500000| PB 0x0000000085500000| Untracked |  0
|   8|0x0000000085600000, 0x0000000085700000, 0x0000000085700000|100%|HS|  |TAMS 0x0000000085600000| PB 0x0000000085600000| Complete |  0
|   9|0x0000000085700000, 0x0000000085800000, 0x0000000085800000|100%|HS|  |TAMS 0x0000000085700000| PB 0x0000000085700000| Complete |  0
|  10|0x0000000085800000, 0x0000000085900000, 0x0000000085900000|100%|HC|  |TAMS 0x0000000085800000| PB 0x0000000085800000| Complete |  0
|  11|0x0000000085900000, 0x0000000085a00000, 0x0000000085a00000|100%| O|  |TAMS 0x0000000085900000| PB 0x0000000085900000| Untracked |  0
|  12|0x0000000085a00000, 0x0000000085b00000, 0x0000000085b00000|100%| O|  |TAMS 0x0000000085a00000| PB 0x0000000085a00000| Untracked |  0
|  13|0x0000000085b00000, 0x0000000085c00000, 0x0000000085c00000|100%| O|  |TAMS 0x0000000085b00000| PB 0x0000000085b00000| Untracked |  0
|  14|0x0000000085c00000, 0x0000000085d00000, 0x0000000085d00000|100%| O|  |TAMS 0x0000000085c00000| PB 0x0000000085c00000| Untracked |  0
|  15|0x0000000085d00000, 0x0000000085e00000, 0x0000000085e00000|100%| O|  |TAMS 0x0000000085d00000| PB 0x0000000085d00000| Untracked |  0
|  16|0x0000000085e00000, 0x0000000085f00000, 0x0000000085f00000|100%| O|  |TAMS 0x0000000085e00000| PB 0x0000000085e00000| Untracked |  0
|  17|0x0000000085f00000, 0x0000000086000000, 0x0000000086000000|100%| O|  |TAMS 0x0000000085f00000| PB 0x0000000085f00000| Untracked |  0
|  18|0x0000000086000000, 0x0000000086100000, 0x0000000086100000|100%| O|  |TAMS 0x0000000086000000| PB 0x0000000086000000| Untracked |  0
|  19|0x0000000086100000, 0x0000000086200000, 0x0000000086200000|100%| O|Cm|TAMS 0x0000000086100000| PB 0x0000000086100000| Complete |  0
|  20|0x0000000086200000, 0x0000000086200000, 0x0000000086300000|  0%| F|  |TAMS 0x0000000086200000| PB 0x0000000086200000| Untracked |  0
|  21|0x0000000086300000, 0x0000000086300000, 0x0000000086400000|  0%| F|  |TAMS 0x0000000086300000| PB 0x0000000086300000| Untracked |  0
|  22|0x0000000086400000, 0x0000000086400000, 0x0000000086500000|  0%| F|  |TAMS 0x0000000086400000| PB 0x0000000086400000| Untracked |  0
|  23|0x0000000086500000, 0x0000000086500000, 0x0000000086600000|  0%| F|  |TAMS 0x0000000086500000| PB 0x0000000086500000| Untracked |  0
|  24|0x0000000086600000, 0x0000000086600000, 0x0000000086700000|  0%| F|  |TAMS 0x0000000086600000| PB 0x0000000086600000| Untracked |  0
|  25|0x0000000086700000, 0x0000000086700000, 0x0000000086800000|  0%| F|  |TAMS 0x0000000086700000| PB 0x0000000086700000| Untracked |  0
|  26|0x0000000086800000, 0x0000000086800000, 0x0000000086900000|  0%| F|  |TAMS 0x0000000086800000| PB 0x0000000086800000| Untracked |  0
|  27|0x0000000086900000, 0x0000000086900000, 0x0000000086a00000|  0%| F|  |TAMS 0x0000000086900000| PB 0x0000000086900000| Untracked |  0
|  28|0x0000000086a00000, 0x0000000086a00000, 0x0000000086b00000|  0%| F|  |TAMS 0x0000000086a00000| PB 0x0000000086a00000| Untracked |  0
|  29|0x0000000086b00000, 0x0000000086b00000, 0x0000000086c00000|  0%| F|  |TAMS 0x0000000086b00000| PB 0x0000000086b00000| Untracked |  0
|  30|0x0000000086c00000, 0x0000000086c00000, 0x0000000086d00000|  0%| F|  |TAMS 0x0000000086c00000| PB 0x0000000086c00000| Untracked |  0
|  31|0x0000000086d00000, 0x0000000086d00000, 0x0000000086e00000|  0%| F|  |TAMS 0x0000000086d00000| PB 0x0000000086d00000| Untracked |  0
|  32|0x0000000086e00000, 0x0000000086e00000, 0x0000000086f00000|  0%| F|  |TAMS 0x0000000086e00000| PB 0x0000000086e00000| Untracked |  0
|  33|0x0000000086f00000, 0x0000000086f00000, 0x0000000087000000|  0%| F|  |TAMS 0x0000000086f00000| PB 0x0000000086f00000| Untracked |  0
|  34|0x0000000087000000, 0x0000000087000000, 0x0000000087100000|  0%| F|  |TAMS 0x0000000087000000| PB 0x0000000087000000| Untracked |  0
|  35|0x0000000087100000, 0x0000000087100000, 0x0000000087200000|  0%| F|  |TAMS 0x0000000087100000| PB 0x0000000087100000| Untracked |  0
|  36|0x0000000087200000, 0x0000000087200000, 0x0000000087300000|  0%| F|  |TAMS 0x0000000087200000| PB 0x0000000087200000| Untracked |  0
|  37|0x0000000087300000, 0x0000000087300000, 0x0000000087400000|  0%| F|  |TAMS 0x0000000087300000| PB 0x0000000087300000| Untracked |  0
|  38|0x0000000087400000, 0x0000000087400000, 0x0000000087500000|  0%| F|  |TAMS 0x0000000087400000| PB 0x0000000087400000| Untracked |  0
|  39|0x0000000087500000, 0x0000000087500000, 0x0000000087600000|  0%| F|  |TAMS 0x0000000087500000| PB 0x0000000087500000| Untracked |  0
|  40|0x0000000087600000, 0x0000000087600000, 0x0000000087700000|  0%| F|  |TAMS 0x0000000087600000| PB 0x0000000087600000| Untracked |  0
|  41|0x0000000087700000, 0x0000000087700000, 0x0000000087800000|  0%| F|  |TAMS 0x0000000087700000| PB 0x0000000087700000| Untracked |  0
|  42|0x0000000087800000, 0x0000000087800000, 0x0000000087900000|  0%| F|  |TAMS 0x0000000087800000| PB 0x0000000087800000| Untracked |  0
|  43|0x0000000087900000, 0x0000000087900000, 0x0000000087a00000|  0%| F|  |TAMS 0x0000000087900000| PB 0x0000000087900000| Untracked |  0
|  44|0x0000000087a00000, 0x0000000087a00000, 0x0000000087b00000|  0%| F|  |TAMS 0x0000000087a00000| PB 0x0000000087a00000| Untracked |  0
|  45|0x0000000087b00000, 0x0000000087b00000, 0x0000000087c00000|  0%| F|  |TAMS 0x0000000087b00000| PB 0x0000000087b00000| Untracked |  0
|  46|0x0000000087c00000, 0x0000000087c00000, 0x0000000087d00000|  0%| F|  |TAMS 0x0000000087c00000| PB 0x0000000087c00000| Untracked |  0
|  47|0x0000000087d00000, 0x0000000087d00000, 0x0000000087e00000|  0%| F|  |TAMS 0x0000000087d00000| PB 0x0000000087d00000| Untracked |  0
|  48|0x0000000087e00000, 0x0000000087e00000, 0x0000000087f00000|  0%| F|  |TAMS 0x0000000087e00000| PB 0x0000000087e00000| Untracked |  0
|  49|0x0000000087f00000, 0x0000000087f00000, 0x0000000088000000|  0%| F|  |TAMS 0x0000000087f00000| PB 0x0000000087f00000| Untracked |  0
|  50|0x0000000088000000, 0x0000000088000000, 0x0000000088100000|  0%| F|  |TAMS 0x0000000088000000| PB 0x0000000088000000| Untracked |  0
|  51|0x0000000088100000, 0x0000000088100000, 0x0000000088200000|  0%| F|  |TAMS 0x0000000088100000| PB 0x0000000088100000| Untracked |  0
|  52|0x0000000088200000, 0x0000000088200000, 0x0000000088300000|  0%| F|  |TAMS 0x0000000088200000| PB 0x0000000088200000| Untracked |  0
|  53|0x0000000088300000, 0x0000000088300000, 0x0000000088400000|  0%| F|  |TAMS 0x0000000088300000| PB 0x0000000088300000| Untracked |  0
|  54|0x0000000088400000, 0x0000000088400000, 0x0000000088500000|  0%| F|  |TAMS 0x0000000088400000| PB 0x0000000088400000| Untracked |  0
|  55|0x0000000088500000, 0x0000000088500000, 0x0000000088600000|  0%| F|  |TAMS 0x0000000088500000| PB 0x0000000088500000| Untracked |  0
|  56|0x0000000088600000, 0x0000000088600000, 0x0000000088700000|  0%| F|  |TAMS 0x0000000088600000| PB 0x0000000088600000| Untracked |  0
|  57|0x0000000088700000, 0x0000000088700000, 0x0000000088800000|  0%| F|  |TAMS 0x0000000088700000| PB 0x0000000088700000| Untracked |  0
|  58|0x0000000088800000, 0x0000000088800000, 0x0000000088900000|  0%| F|  |TAMS 0x0000000088800000| PB 0x0000000088800000| Untracked |  0
|  59|0x0000000088900000, 0x0000000088900000, 0x0000000088a00000|  0%| F|  |TAMS 0x0000000088900000| PB 0x0000000088900000| Untracked |  0
|  60|0x0000000088a00000, 0x0000000088a00000, 0x0000000088b00000|  0%| F|  |TAMS 0x0000000088a00000| PB 0x0000000088a00000| Untracked |  0
|  61|0x0000000088b00000, 0x0000000088b00000, 0x0000000088c00000|  0%| F|  |TAMS 0x0000000088b00000| PB 0x0000000088b00000| Untracked |  0
|  62|0x0000000088c00000, 0x0000000088c00000, 0x0000000088d00000|  0%| F|  |TAMS 0x0000000088c00000| PB 0x0000000088c00000| Untracked |  0
|  63|0x0000000088d00000, 0x0000000088d00000, 0x0000000088e00000|  0%| F|  |TAMS 0x0000000088d00000| PB 0x0000000088d00000| Untracked |  0
|  64|0x0000000088e00000, 0x0000000088e00000, 0x0000000088f00000|  0%| F|  |TAMS 0x0000000088e00000| PB 0x0000000088e00000| Untracked |  0
|  65|0x0000000088f00000, 0x0000000088fed6b0, 0x0000000089000000| 92%| E|  |TAMS 0x0000000088f00000| PB 0x0000000088f00000| Complete |  0
|  66|0x0000000089000000, 0x0000000089100000, 0x0000000089100000|100%| E|CS|TAMS 0x0000000089000000| PB 0x0000000089000000| Complete |  0
|  67|0x0000000089100000, 0x0000000089200000, 0x0000000089200000|100%| E|CS|TAMS 0x0000000089100000| PB 0x0000000089100000| Complete |  0
|  68|0x0000000089200000, 0x0000000089300000, 0x0000000089300000|100%| E|CS|TAMS 0x0000000089200000| PB 0x0000000089200000| Complete |  0
|  69|0x0000000089300000, 0x0000000089400000, 0x0000000089400000|100%| E|CS|TAMS 0x0000000089300000| PB 0x0000000089300000| Complete |  0
|  70|0x0000000089400000, 0x0000000089500000, 0x0000000089500000|100%| E|  |TAMS 0x0000000089400000| PB 0x0000000089400000| Complete |  0
|  71|0x0000000089500000, 0x0000000089600000, 0x0000000089600000|100%| E|CS|TAMS 0x0000000089500000| PB 0x0000000089500000| Complete |  0
|  72|0x0000000089600000, 0x0000000089700000, 0x0000000089700000|100%| E|CS|TAMS 0x0000000089600000| PB 0x0000000089600000| Complete |  0
| 100|0x000000008b200000, 0x000000008b2debc0, 0x000000008b300000| 87%| S|CS|TAMS 0x000000008b200000| PB 0x000000008b200000| Complete |  0
| 101|0x000000008b300000, 0x000000008b400000, 0x000000008b400000|100%| S|CS|TAMS 0x000000008b300000| PB 0x000000008b300000| Complete |  0
| 102|0x000000008b400000, 0x000000008b500000, 0x000000008b500000|100%| S|CS|TAMS 0x000000008b400000| PB 0x000000008b400000| Complete |  0
| 123|0x000000008c900000, 0x000000008ca00000, 0x000000008ca00000|100%| E|CS|TAMS 0x000000008c900000| PB 0x000000008c900000| Complete |  0

Card table byte_map: [0x000002f4746d0000,0x000002f474ab0000] _byte_map_base: 0x000002f4742a9000

Marking Bits: (CMBitMap*) 0x000002f46b9c3a90
 Bits: [0x000002f474ab0000, 0x000002f476978000)

Polling page: 0x000002f4697c0000

Metaspace:

Usage:
  Non-class:     21.10 MB used.
      Class:      3.40 MB used.
       Both:     24.50 MB used.

Virtual space:
  Non-class space:       64.00 MB reserved,      21.31 MB ( 33%) committed,  1 nodes.
      Class space:        1.00 GB reserved,       3.56 MB ( <1%) committed,  1 nodes.
             Both:        1.06 GB reserved,      24.88 MB (  2%) committed. 

Chunk freelists:
   Non-Class:  10.38 MB
       Class:  12.25 MB
        Both:  22.62 MB

MaxMetaspaceSize: unlimited
CompressedClassSpaceSize: 1.00 GB
Initial GC threshold: 21.00 MB
Current GC threshold: 36.06 MB
CDS: on
 - commit_granule_bytes: 65536.
 - commit_granule_words: 8192.
 - virtual_space_node_default_size: 8388608.
 - enlarge_chunks_in_place: 1.
 - use_allocation_guard: 0.


Internal statistics:

num_allocs_failed_limit: 6.
num_arena_births: 402.
num_arena_deaths: 0.
num_vsnodes_births: 2.
num_vsnodes_deaths: 0.
num_space_committed: 398.
num_space_uncommitted: 0.
num_chunks_returned_to_freelist: 6.
num_chunks_taken_from_freelist: 1020.
num_chunk_merges: 0.
num_chunk_splits: 700.
num_chunks_enlarged: 520.
num_inconsistent_stats: 0.

CodeHeap 'non-profiled nmethods': size=120064Kb used=2457Kb max_used=2457Kb free=117607Kb
 bounds [0x000002f407ac0000, 0x000002f407d30000, 0x000002f40f000000]
CodeHeap 'profiled nmethods': size=120000Kb used=8206Kb max_used=8206Kb free=111793Kb
 bounds [0x000002f400000000, 0x000002f400810000, 0x000002f407530000]
CodeHeap 'non-nmethods': size=5696Kb used=2088Kb max_used=2120Kb free=3607Kb
 bounds [0x000002f407530000, 0x000002f4077a0000, 0x000002f407ac0000]
CodeCache: size=245760Kb, used=12751Kb, max_used=12783Kb, free=233007Kb
 total_blobs=6128, nmethods=5234, adapters=799, full_count=0
Compilation: enabled, stopped_count=0, restarted_count=0

Compilation events (20 events):
Event: 20.815 Thread 0x000002f478e8f4c0 5228       3       javafx.scene.Node::parentToLocal (15 bytes)
Event: 20.816 Thread 0x000002f478e8f4c0 nmethod 5228 0x000002f4007fe708 code [0x000002f4007fe840, 0x000002f4007feae8]
Event: 20.816 Thread 0x000002f478e8f4c0 5229       3       java.util.ArrayDeque::isEmpty (17 bytes)
Event: 20.816 Thread 0x000002f478e8f4c0 nmethod 5229 0x000002f4007feb88 code [0x000002f4007feca0, 0x000002f4007fee00]
Event: 20.822 Thread 0x000002f478e8f4c0 5230       3       com.sun.javafx.event.CompositeEventDispatcher::dispatchCapturingEvent (35 bytes)
Event: 20.822 Thread 0x000002f478e8f4c0 nmethod 5230 0x000002f4007fee88 code [0x000002f4007fefe0, 0x000002f4007ff428]
Event: 20.826 Thread 0x000002f478e8f4c0 5231       3       com.sun.javafx.css.PseudoClassState::contains (6 bytes)
Event: 20.826 Thread 0x000002f478e8f4c0 nmethod 5231 0x000002f4007ff488 code [0x000002f4007ff5a0, 0x000002f4007ff6e0]
Event: 20.832 Thread 0x000002f478e8f4c0 5232       3       java.nio.HeapCharBuffer::<init> (23 bytes)
Event: 20.832 Thread 0x000002f478e8f4c0 nmethod 5232 0x000002f4007ff788 code [0x000002f4007ff8a0, 0x000002f4007ffa20]
Event: 20.832 Thread 0x000002f478e8f4c0 5233       3       java.nio.CharBuffer::position (8 bytes)
Event: 20.832 Thread 0x000002f478e8f4c0 nmethod 5233 0x000002f4007ffa88 code [0x000002f4007ffba0, 0x000002f4007ffcf0]
Event: 20.832 Thread 0x000002f478e8f4c0 5234       3       java.nio.CharBuffer::position (6 bytes)
Event: 20.832 Thread 0x000002f478e8f4c0 nmethod 5234 0x000002f4007ffd88 code [0x000002f4007ffec0, 0x000002f400800070]
Event: 20.832 Thread 0x000002f478e8e860 5235       4       java.lang.StringBuilder::<init> (6 bytes)
Event: 20.833 Thread 0x000002f478e8f4c0 5236       3       java.nio.CharBuffer::arrayOffset (35 bytes)
Event: 20.833 Thread 0x000002f478e8f4c0 nmethod 5236 0x000002f400800088 code [0x000002f4008001e0, 0x000002f4008004a8]
Event: 20.834 Thread 0x000002f478e8e860 nmethod 5235 0x000002f407d26008 code [0x000002f407d26120, 0x000002f407d26370]
Event: 20.837 Thread 0x000002f478e8f4c0 5237       3       javafx.collections.ListChangeBuilder::commit (516 bytes)
Event: 20.838 Thread 0x000002f478e8f4c0 nmethod 5237 0x000002f400800508 code [0x000002f4008009a0, 0x000002f400803948]

GC Heap History (10 events):
Event: 0.328 GC heap before
{Heap before GC invocations=0 (full 0):
 garbage-first heap   total reserved 2017280K, committed 126976K, used 13312K [0x0000000084e00000, 0x0000000100000000)
  region size 1024K, 14 young (14336K), 0 survivors (0K)
 Metaspace       used 2725K, committed 2944K, reserved 1114112K
  class space    used 297K, committed 384K, reserved 1048576K
}
Event: 0.331 GC heap after
{Heap after GC invocations=1 (full 0):
 garbage-first heap   total reserved 2017280K, committed 126976K, used 1664K [0x0000000084e00000, 0x0000000100000000)
  region size 1024K, 2 young (2048K), 2 survivors (2048K)
 Metaspace       used 2725K, committed 2944K, reserved 1114112K
  class space    used 297K, committed 384K, reserved 1048576K
}
Event: 0.520 GC heap before
{Heap before GC invocations=1 (full 0):
 garbage-first heap   total reserved 2017280K, committed 126976K, used 14976K [0x0000000084e00000, 0x0000000100000000)
  region size 1024K, 16 young (16384K), 2 survivors (2048K)
 Metaspace       used 5323K, committed 5568K, reserved 1114112K
  class space    used 653K, committed 768K, reserved 1048576K
}
Event: 0.524 GC heap after
{Heap after GC invocations=2 (full 0):
 garbage-first heap   total reserved 2017280K, committed 126976K, used 3829K [0x0000000084e00000, 0x0000000100000000)
  region size 1024K, 2 young (2048K), 2 survivors (2048K)
 Metaspace       used 5323K, committed 5568K, reserved 1114112K
  class space    used 653K, committed 768K, reserved 1048576K
}
Event: 0.980 GC heap before
{Heap before GC invocations=2 (full 0):
 garbage-first heap   total reserved 2017280K, committed 126976K, used 42741K [0x0000000084e00000, 0x0000000100000000)
  region size 1024K, 35 young (35840K), 2 survivors (2048K)
 Metaspace       used 12454K, committed 12800K, reserved 1114112K
  class space    used 1751K, committed 1920K, reserved 1048576K
}
Event: 0.985 GC heap after
{Heap after GC invocations=3 (full 0):
 garbage-first heap   total reserved 2017280K, committed 126976K, used 13279K [0x0000000084e00000, 0x0000000100000000)
  region size 1024K, 5 young (5120K), 5 survivors (5120K)
 Metaspace       used 12454K, committed 12800K, reserved 1114112K
  class space    used 1751K, committed 1920K, reserved 1048576K
}
Event: 3.598 GC heap before
{Heap before GC invocations=3 (full 0):
 garbage-first heap   total reserved 2017280K, committed 126976K, used 51167K [0x0000000084e00000, 0x0000000100000000)
  region size 1024K, 39 young (39936K), 5 survivors (5120K)
 Metaspace       used 16848K, committed 17216K, reserved 1114112K
  class space    used 2351K, committed 2496K, reserved 1048576K
}
Event: 3.611 GC heap after
{Heap after GC invocations=4 (full 0):
 garbage-first heap   total reserved 2017280K, committed 126976K, used 19456K [0x0000000084e00000, 0x0000000100000000)
  region size 1024K, 5 young (5120K), 5 survivors (5120K)
 Metaspace       used 16848K, committed 17216K, reserved 1114112K
  class space    used 2351K, committed 2496K, reserved 1048576K
}
Event: 10.536 GC heap before
{Heap before GC invocations=4 (full 0):
 garbage-first heap   total reserved 2017280K, committed 126976K, used 38912K [0x0000000084e00000, 0x0000000100000000)
  region size 1024K, 26 young (26624K), 5 survivors (5120K)
 Metaspace       used 21223K, committed 21504K, reserved 1114112K
  class space    used 3005K, committed 3136K, reserved 1048576K
}
Event: 10.543 GC heap after
{Heap after GC invocations=5 (full 0):
 garbage-first heap   total reserved 2017280K, committed 126976K, used 23286K [0x0000000084e00000, 0x0000000100000000)
  region size 1024K, 3 young (3072K), 3 survivors (3072K)
 Metaspace       used 21223K, committed 21504K, reserved 1114112K
  class space    used 3005K, committed 3136K, reserved 1048576K
}

Dll operation events (20 events):
Event: 0.260 Loaded shared library D:\eclipse-workspace\javafx-sdk-23.0.1\bin\api-ms-win-crt-multibyte-l1-1-0.dll
Event: 0.261 Loaded shared library D:\eclipse-workspace\javafx-sdk-23.0.1\bin\api-ms-win-crt-private-l1-1-0.dll
Event: 0.261 Loaded shared library D:\eclipse-workspace\javafx-sdk-23.0.1\bin\api-ms-win-crt-process-l1-1-0.dll
Event: 0.261 Loaded shared library D:\eclipse-workspace\javafx-sdk-23.0.1\bin\api-ms-win-crt-runtime-l1-1-0.dll
Event: 0.262 Loaded shared library D:\eclipse-workspace\javafx-sdk-23.0.1\bin\api-ms-win-crt-stdio-l1-1-0.dll
Event: 0.262 Loaded shared library D:\eclipse-workspace\javafx-sdk-23.0.1\bin\api-ms-win-crt-string-l1-1-0.dll
Event: 0.262 Loaded shared library D:\eclipse-workspace\javafx-sdk-23.0.1\bin\api-ms-win-crt-time-l1-1-0.dll
Event: 0.263 Loaded shared library D:\eclipse-workspace\javafx-sdk-23.0.1\bin\api-ms-win-crt-utility-l1-1-0.dll
Event: 0.263 Loaded shared library D:\eclipse-workspace\javafx-sdk-23.0.1\bin\ucrtbase.dll
Event: 0.264 Loaded shared library D:\eclipse-workspace\javafx-sdk-23.0.1\bin\vcruntime140.dll
Event: 0.264 Loaded shared library D:\eclipse-workspace\javafx-sdk-23.0.1\bin\vcruntime140_1.dll
Event: 0.265 Loaded shared library D:\eclipse-workspace\javafx-sdk-23.0.1\bin\msvcp140.dll
Event: 0.265 Loaded shared library D:\eclipse-workspace\javafx-sdk-23.0.1\bin\msvcp140_1.dll
Event: 0.265 Loaded shared library D:\eclipse-workspace\javafx-sdk-23.0.1\bin\msvcp140_2.dll
Event: 0.297 Loaded shared library D:\eclipse-workspace\javafx-sdk-23.0.1\bin\prism_d3d.dll
Event: 0.325 Loaded shared library D:\eclipse-workspace\javafx-sdk-23.0.1\bin\glass.dll
Event: 0.426 Loaded shared library C:\Program Files\Eclipse Adoptium\jdk-23.0.1.11-hotspot\bin\jimage.dll
Event: 0.681 Loaded shared library D:\eclipse-workspace\javafx-sdk-23.0.1\bin\javafx_font.dll
Event: 2.940 Loaded shared library D:\eclipse-workspace\javafx-sdk-23.0.1\bin\javafx_iio.dll
Event: 10.573 Loaded shared library C:\Program Files\Eclipse Adoptium\jdk-23.0.1.11-hotspot\bin\sunmscapi.dll

Deoptimization events (20 events):
Event: 11.969 Thread 0x000002f45596ba20 Uncommon trap: trap_request=0xffffffde fr.pc=0x000002f407c33548 relative=0x00000000000006c8
Event: 11.969 Thread 0x000002f45596ba20 Uncommon trap: reason=class_check action=maybe_recompile pc=0x000002f407c33548 method=javafx.scene.Node.updateLocalToParentTransform()V @ 11 c2
Event: 11.969 Thread 0x000002f45596ba20 DEOPT PACKING pc=0x000002f407c33548 sp=0x000000f53dafd7c0
Event: 11.969 Thread 0x000002f45596ba20 DEOPT UNPACKING pc=0x000002f407587982 sp=0x000000f53dafd750 mode 2
Event: 20.811 Thread 0x000002f45596ba20 Uncommon trap: trap_request=0xffffff45 fr.pc=0x000002f407b8bf74 relative=0x0000000000000074
Event: 20.811 Thread 0x000002f45596ba20 Uncommon trap: reason=unstable_if action=reinterpret pc=0x000002f407b8bf74 method=java.lang.StringConcatHelper.mix(JLjava/lang/String;)J @ 13 c2
Event: 20.811 Thread 0x000002f45596ba20 DEOPT PACKING pc=0x000002f407b8bf74 sp=0x000000f53dafae10
Event: 20.811 Thread 0x000002f45596ba20 DEOPT UNPACKING pc=0x000002f407587982 sp=0x000000f53dafada8 mode 2
Event: 20.811 Thread 0x000002f45596ba20 Uncommon trap: trap_request=0xffffff45 fr.pc=0x000002f407b8b9f0 relative=0x0000000000000150
Event: 20.811 Thread 0x000002f45596ba20 Uncommon trap: reason=unstable_if action=reinterpret pc=0x000002f407b8b9f0 method=java.lang.StringConcatHelper.prepend(J[BLjava/lang/String;)J @ 13 c2
Event: 20.811 Thread 0x000002f45596ba20 DEOPT PACKING pc=0x000002f407b8b9f0 sp=0x000000f53dafbb20
Event: 20.811 Thread 0x000002f45596ba20 DEOPT UNPACKING pc=0x000002f407587982 sp=0x000000f53dafbaf0 mode 2
Event: 20.811 Thread 0x000002f45596ba20 Uncommon trap: trap_request=0xffffff45 fr.pc=0x000002f407bb4440 relative=0x00000000000000c0
Event: 20.811 Thread 0x000002f45596ba20 Uncommon trap: reason=unstable_if action=reinterpret pc=0x000002f407bb4440 method=java.lang.StringConcatHelper.newString([BJ)Ljava/lang/String; @ 3 c2
Event: 20.811 Thread 0x000002f45596ba20 DEOPT PACKING pc=0x000002f407bb4440 sp=0x000000f53dafbca0
Event: 20.811 Thread 0x000002f45596ba20 DEOPT UNPACKING pc=0x000002f407587982 sp=0x000000f53dafbc28 mode 2
Event: 20.811 Thread 0x000002f45596ba20 Uncommon trap: trap_request=0xffffff45 fr.pc=0x000002f407bbb4d0 relative=0x0000000000000a50
Event: 20.811 Thread 0x000002f45596ba20 Uncommon trap: reason=unstable_if action=reinterpret pc=0x000002f407bbb4d0 method=javafx.collections.ListChangeBuilder.commit()V @ 16 c2
Event: 20.811 Thread 0x000002f45596ba20 DEOPT PACKING pc=0x000002f407bbb4d0 sp=0x000000f53dafa500
Event: 20.811 Thread 0x000002f45596ba20 DEOPT UNPACKING pc=0x000002f407587982 sp=0x000000f53dafa4b8 mode 2

Classes loaded (20 events):
Event: 11.946 Loading class sun/net/www/protocol/http/HttpURLConnection$HttpInputStream
Event: 11.946 Loading class sun/net/www/protocol/http/HttpURLConnection$HttpInputStream done
Event: 11.947 Loading class sun/security/ssl/Alert
Event: 11.947 Loading class sun/security/ssl/Alert done
Event: 11.948 Loading class sun/security/ssl/Alert$AlertConsumer
Event: 11.948 Loading class sun/security/ssl/Alert$AlertConsumer done
Event: 11.948 Loading class sun/security/ssl/Alert$Level
Event: 11.948 Loading class sun/security/ssl/Alert$Level done
Event: 11.951 Loading class java/net/SocketTimeoutException
Event: 11.951 Loading class java/io/InterruptedIOException
Event: 11.951 Loading class java/io/InterruptedIOException done
Event: 11.951 Loading class java/net/SocketTimeoutException done
Event: 11.954 Loading class java/io/StringWriter
Event: 11.955 Loading class java/io/StringWriter done
Event: 11.957 Loading class java/io/StringReader
Event: 11.957 Loading class java/io/StringReader done
Event: 20.831 Loading class java/lang/Throwable$WrappedPrintStream
Event: 20.832 Loading class java/lang/Throwable$PrintStreamOrWriter
Event: 20.832 Loading class java/lang/Throwable$PrintStreamOrWriter done
Event: 20.832 Loading class java/lang/Throwable$WrappedPrintStream done

Classes unloaded (0 events):
No events

Classes redefined (0 events):
No events

Internal exceptions (20 events):
Event: 2.690 Thread 0x000002f45596ba20 Exception <a 'java/lang/NoSuchMethodError'{0x000000008c0217f8}: 'long java.lang.invoke.DirectMethodHandle$Holder.invokeStaticInit(java.lang.Object, java.lang.Object, java.lang.Object)'> (0x000000008c0217f8) 
thrown [s\src\hotspot\share\interpreter\linkResolver.cpp, line 796]
Event: 2.691 Thread 0x000002f45596ba20 Exception <a 'java/lang/NoSuchMethodError'{0x000000008c036520}: 'java.lang.Object java.lang.invoke.DirectMethodHandle$Holder.newInvokeSpecial(java.lang.Object, java.lang.Object, long)'> (0x000000008c036520) 
thrown [s\src\hotspot\share\interpreter\linkResolver.cpp, line 796]
Event: 2.691 Thread 0x000002f45596ba20 Exception <a 'java/lang/NoSuchMethodError'{0x000000008c039e70}: 'java.lang.Object java.lang.invoke.Invokers$Holder.linkToTargetMethod(java.lang.Object, long, java.lang.Object)'> (0x000000008c039e70) 
thrown [s\src\hotspot\share\interpreter\linkResolver.cpp, line 796]
Event: 2.928 Thread 0x000002f45596ba20 Exception <a 'java/lang/NoSuchMethodError'{0x000000008bfd8548}: 'java.lang.Object java.lang.invoke.DirectMethodHandle$Holder.newInvokeSpecial(java.lang.Object, java.lang.Object, java.lang.Object, java.lang.Object, java.lang.Object, java.lang.Object, java.lang.Object)'> (0x000000008bfd8548) 
thrown [s\src\hotspot\share\interpreter\linkResolver.cpp, line 796]
Event: 2.930 Thread 0x000002f45596ba20 Exception <a 'java/lang/NoSuchMethodError'{0x000000008bfe8590}: 'java.lang.Object java.lang.invoke.DirectMethodHandle$Holder.invokeStatic(java.lang.Object, java.lang.Object, int)'> (0x000000008bfe8590) 
thrown [s\src\hotspot\share\interpreter\linkResolver.cpp, line 796]
Event: 2.930 Thread 0x000002f45596ba20 Exception <a 'java/lang/NoSuchMethodError'{0x000000008bfec780}: 'void java.lang.invoke.DirectMethodHandle$Holder.invokeStatic(java.lang.Object, java.lang.Object, int, java.lang.Object)'> (0x000000008bfec780) 
thrown [s\src\hotspot\share\interpreter\linkResolver.cpp, line 796]
Event: 2.930 Thread 0x000002f45596ba20 Exception <a 'java/lang/NoSuchMethodError'{0x000000008bff3a68}: 'void java.lang.invoke.DelegatingMethodHandle$Holder.delegate(java.lang.Object, java.lang.Object, int, java.lang.Object)'> (0x000000008bff3a68) 
thrown [s\src\hotspot\share\interpreter\linkResolver.cpp, line 796]
Event: 3.232 Thread 0x000002f45596ba20 Implicit null exception at 0x000002f407baf035 to 0x000002f407baf294
Event: 3.255 Thread 0x000002f45596ba20 Exception <a 'java/lang/NoSuchMethodError'{0x000000008aff95c0}: 'void java.lang.invoke.DirectMethodHandle$Holder.invokeSpecial(java.lang.Object, java.lang.Object, java.lang.Object, java.lang.Object, java.lang.Object, java.lang.Object)'> (0x000000008aff95c0) 
thrown [s\src\hotspot\share\interpreter\linkResolver.cpp, line 796]
Event: 10.225 Thread 0x000002f4550b0f00 Exception <a 'sun/nio/fs/WindowsException'{0x000000008c502e98}> (0x000000008c502e98) 
thrown [s\src\hotspot\share\prims\jni.cpp, line 520]
Event: 10.229 Thread 0x000002f45596ba20 Implicit null exception at 0x000002f407c20153 to 0x000002f407c268c4
Event: 10.249 Thread 0x000002f45596ba20 Exception <a 'java/lang/ClassNotFoundException'{0x000000008c448658}: com/sun/javafx/scene/control/skin/resources/controls> (0x000000008c448658) 
thrown [s\src\hotspot\share\prims\jni.cpp, line 539]
Event: 10.250 Thread 0x000002f45596ba20 Exception <a 'java/lang/ClassNotFoundException'{0x000000008c456850}: com/sun/javafx/scene/control/skin/resources/controls_vi> (0x000000008c456850) 
thrown [s\src\hotspot\share\prims\jni.cpp, line 539]
Event: 10.250 Thread 0x000002f45596ba20 Exception <a 'java/lang/ClassNotFoundException'{0x000000008c4577f0}: com/sun/javafx/scene/control/skin/resources/controls_vi_VN> (0x000000008c4577f0) 
thrown [s\src\hotspot\share\prims\jni.cpp, line 539]
Event: 10.313 Thread 0x000002f4550b0f00 Exception <a 'sun/nio/fs/WindowsException'{0x000000008bf3ee88}> (0x000000008bf3ee88) 
thrown [s\src\hotspot\share\prims\jni.cpp, line 520]
Event: 10.495 Thread 0x000002f4550b0f00 Exception <a 'java/lang/NoSuchMethodError'{0x000000008b68a330}: 'java.lang.Object java.lang.invoke.DirectMethodHandle$Holder.invokeStaticInit(java.lang.Object, int, int, int, int)'> (0x000000008b68a330) 
thrown [s\src\hotspot\share\interpreter\linkResolver.cpp, line 796]
Event: 10.521 Thread 0x000002f4550b0f00 Exception <a 'java/lang/NoSuchMethodError'{0x000000008b5614b8}: 'java.lang.Object java.lang.invoke.DirectMethodHandle$Holder.invokeStaticInit(java.lang.Object, java.lang.Object, int, int, int, int)'> (0x000000008b5614b8) 
thrown [s\src\hotspot\share\interpreter\linkResolver.cpp, line 796]
Event: 10.606 Thread 0x000002f4550b0f00 Exception <a 'sun/nio/fs/WindowsException'{0x000000008c9a89e0}> (0x000000008c9a89e0) 
thrown [s\src\hotspot\share\prims\jni.cpp, line 520]
Event: 10.895 Thread 0x000002f4550b0f00 Exception <a 'java/lang/ClassNotFoundException'{0x000000008c9b0c30}: jdk/net/ExtendedSocketOptions> (0x000000008c9b0c30) 
thrown [s\src\hotspot\share\classfile\systemDictionary.cpp, line 313]
Event: 11.577 Thread 0x000002f4550b0f00 Exception <a 'java/lang/NoSuchMethodError'{0x000000008951ec40}: 'void java.lang.invoke.DirectMethodHandle$Holder.invokeStaticInit(java.lang.Object, java.lang.Object, java.lang.Object)'> (0x000000008951ec40) 
thrown [s\src\hotspot\share\interpreter\linkResolver.cpp, line 796]

VM Operations (20 events):
Event: 10.410 Executing VM operation: HandshakeAllThreads (Deoptimize)
Event: 10.410 Executing VM operation: HandshakeAllThreads (Deoptimize) done
Event: 10.504 Executing VM operation: HandshakeAllThreads (Deoptimize)
Event: 10.504 Executing VM operation: HandshakeAllThreads (Deoptimize) done
Event: 10.536 Executing VM operation: CollectForMetadataAllocation (Metadata GC Threshold)
Event: 10.543 Executing VM operation: CollectForMetadataAllocation (Metadata GC Threshold) done
Event: 10.554 Executing VM operation: CollectForMetadataAllocation (Metadata GC Threshold)
Event: 10.554 Executing VM operation: CollectForMetadataAllocation (Metadata GC Threshold) done
Event: 10.565 Executing VM operation: G1PauseRemark
Event: 10.569 Executing VM operation: G1PauseRemark done
Event: 10.576 Executing VM operation: G1PauseCleanup
Event: 10.576 Executing VM operation: G1PauseCleanup done
Event: 11.173 Executing VM operation: HandshakeAllThreads (Deoptimize)
Event: 11.173 Executing VM operation: HandshakeAllThreads (Deoptimize) done
Event: 11.179 Executing VM operation: HandshakeAllThreads (Deoptimize)
Event: 11.179 Executing VM operation: HandshakeAllThreads (Deoptimize) done
Event: 11.583 Executing VM operation: HandshakeAllThreads (Deoptimize)
Event: 11.583 Executing VM operation: HandshakeAllThreads (Deoptimize) done
Event: 11.584 Executing VM operation: HandshakeAllThreads (Deoptimize)
Event: 11.584 Executing VM operation: HandshakeAllThreads (Deoptimize) done

Memory protections (0 events):
No events

Nmethod flushes (0 events):
No events

Events (20 events):
Event: 3.363 Thread 0x000002f4555664b0 Thread added: 0x000002f455060e30
Event: 4.352 Thread 0x000002f4557b6050 Thread exited: 0x000002f4557b6050
Event: 4.390 Thread 0x000002f478e8f4c0 Thread added: 0x000002f46259cba0
Event: 4.977 Thread 0x000002f46259cba0 Thread exited: 0x000002f46259cba0
Event: 5.800 Thread 0x000002f478e8f4c0 Thread added: 0x000002f46259b010
Event: 6.784 Thread 0x000002f46259b010 Thread exited: 0x000002f46259b010
Event: 6.933 Thread 0x000002f478e8f4c0 Thread added: 0x000002f46199d740
Event: 7.385 Thread 0x000002f46199d740 Thread exited: 0x000002f46199d740
Event: 8.402 Thread 0x000002f478e8e860 Thread added: 0x000002f461082360
Event: 8.590 Thread 0x000002f461082360 Thread exited: 0x000002f461082360
Event: 10.223 Thread 0x000002f45596ba20 Thread added: 0x000002f4550b0f00
Event: 10.238 Thread 0x000002f478e8f4c0 Thread added: 0x000002f4605ff3c0
Event: 11.162 Thread 0x000002f4605ff3c0 Thread exited: 0x000002f4605ff3c0
Event: 11.248 Thread 0x000002f478e8f4c0 Thread added: 0x000002f462148f00
Event: 11.542 Thread 0x000002f462148f00 Thread exited: 0x000002f462148f00
Event: 11.628 Thread 0x000002f478e8f4c0 Thread added: 0x000002f460b909b0
Event: 11.648 Thread 0x000002f4550b0f00 Thread added: 0x000002f4550b3660
Event: 11.650 Thread 0x000002f4550b3660 Thread exited: 0x000002f4550b3660
Event: 11.906 Thread 0x000002f460b909b0 Thread exited: 0x000002f460b909b0
Event: 11.960 Thread 0x000002f4550b0f00 Thread exited: 0x000002f4550b0f00


Dynamic libraries:
0x00007ff7fad60000 - 0x00007ff7fad6e000 	C:\Program Files\Eclipse Adoptium\jdk-23.0.1.11-hotspot\bin\javaw.exe
0x00007ffe4cbd0000 - 0x00007ffe4cde7000 	C:\WINDOWS\SYSTEM32\ntdll.dll
0x00007ffe4b2e0000 - 0x00007ffe4b3a4000 	C:\WINDOWS\System32\KERNEL32.DLL
0x00007ffe4a190000 - 0x00007ffe4a549000 	C:\WINDOWS\System32\KERNELBASE.dll
0x00007ffe4a760000 - 0x00007ffe4a871000 	C:\WINDOWS\System32\ucrtbase.dll
0x00007ffe339d0000 - 0x00007ffe339e7000 	C:\Program Files\Eclipse Adoptium\jdk-23.0.1.11-hotspot\bin\jli.dll
0x00007ffe339b0000 - 0x00007ffe339ce000 	C:\Program Files\Eclipse Adoptium\jdk-23.0.1.11-hotspot\bin\VCRUNTIME140.dll
0x00007ffe4acd0000 - 0x00007ffe4ae7e000 	C:\WINDOWS\System32\USER32.dll
0x00007ffe49ed0000 - 0x00007ffe49ef6000 	C:\WINDOWS\System32\win32u.dll
0x00007ffe4c5f0000 - 0x00007ffe4c619000 	C:\WINDOWS\System32\GDI32.dll
0x00007ffe2df40000 - 0x00007ffe2e1d2000 	C:\WINDOWS\WinSxS\amd64_microsoft.windows.common-controls_6595b64144ccf1df_6.0.22621.4391_none_2715d37f73803e96\COMCTL32.dll
0x00007ffe49f30000 - 0x00007ffe4a04b000 	C:\WINDOWS\System32\gdi32full.dll
0x00007ffe4c430000 - 0x00007ffe4c4d7000 	C:\WINDOWS\System32\msvcrt.dll
0x00007ffe4a6c0000 - 0x00007ffe4a75a000 	C:\WINDOWS\System32\msvcp_win.dll
0x00007ffe4aa80000 - 0x00007ffe4aab1000 	C:\WINDOWS\System32\IMM32.DLL
0x00007ffe3c110000 - 0x00007ffe3c11c000 	C:\Program Files\Eclipse Adoptium\jdk-23.0.1.11-hotspot\bin\vcruntime140_1.dll
0x00007ffdf3a70000 - 0x00007ffdf3afd000 	C:\Program Files\Eclipse Adoptium\jdk-23.0.1.11-hotspot\bin\msvcp140.dll
0x00007ffdbd680000 - 0x00007ffdbe44d000 	C:\Program Files\Eclipse Adoptium\jdk-23.0.1.11-hotspot\bin\server\jvm.dll
0x00007ffe4b170000 - 0x00007ffe4b222000 	C:\WINDOWS\System32\ADVAPI32.dll
0x00007ffe4b230000 - 0x00007ffe4b2d7000 	C:\WINDOWS\System32\sechost.dll
0x00007ffe49f00000 - 0x00007ffe49f28000 	C:\WINDOWS\System32\bcrypt.dll
0x00007ffe4b050000 - 0x00007ffe4b164000 	C:\WINDOWS\System32\RPCRT4.dll
0x00007ffe4bc90000 - 0x00007ffe4bd01000 	C:\WINDOWS\System32\WS2_32.dll
0x00007ffe496e0000 - 0x00007ffe4972d000 	C:\WINDOWS\SYSTEM32\POWRPROF.dll
0x00007ffe3b870000 - 0x00007ffe3b87a000 	C:\WINDOWS\SYSTEM32\VERSION.dll
0x00007ffe3ef20000 - 0x00007ffe3ef54000 	C:\WINDOWS\SYSTEM32\WINMM.dll
0x00007ffe49660000 - 0x00007ffe49673000 	C:\WINDOWS\SYSTEM32\UMPDC.dll
0x00007ffe48f10000 - 0x00007ffe48f28000 	C:\WINDOWS\SYSTEM32\kernel.appcore.dll
0x00007ffe247e0000 - 0x00007ffe247ea000 	C:\Program Files\Eclipse Adoptium\jdk-23.0.1.11-hotspot\bin\jimage.dll
0x00007ffe47af0000 - 0x00007ffe47d22000 	C:\WINDOWS\SYSTEM32\DBGHELP.DLL
0x00007ffe4c620000 - 0x00007ffe4c9af000 	C:\WINDOWS\System32\combase.dll
0x00007ffe4af70000 - 0x00007ffe4b047000 	C:\WINDOWS\System32\OLEAUT32.dll
0x00007ffe3b9f0000 - 0x00007ffe3ba22000 	C:\WINDOWS\SYSTEM32\dbgcore.DLL
0x00007ffe4a110000 - 0x00007ffe4a18b000 	C:\WINDOWS\System32\bcryptPrimitives.dll
0x00007ffe012f0000 - 0x00007ffe0130e000 	C:\Program Files\Eclipse Adoptium\jdk-23.0.1.11-hotspot\bin\java.dll
0x00007ffe4c9b0000 - 0x00007ffe4cb55000 	C:\WINDOWS\System32\ole32.dll
0x00007ffe4b410000 - 0x00007ffe4bc86000 	C:\WINDOWS\System32\SHELL32.dll
0x00007ffe47d30000 - 0x00007ffe48633000 	C:\WINDOWS\SYSTEM32\windows.storage.dll
0x00007ffe479b0000 - 0x00007ffe47aef000 	C:\WINDOWS\SYSTEM32\wintypes.dll
0x00007ffe4a8f0000 - 0x00007ffe4a9e9000 	C:\WINDOWS\System32\SHCORE.dll
0x00007ffe4ae80000 - 0x00007ffe4aede000 	C:\WINDOWS\System32\shlwapi.dll
0x00007ffe49e00000 - 0x00007ffe49e2b000 	C:\WINDOWS\SYSTEM32\profapi.dll
0x00007ffdf3990000 - 0x00007ffdf3a67000 	C:\Program Files\Eclipse Adoptium\jdk-23.0.1.11-hotspot\bin\jsvml.dll
0x00007ffe20b90000 - 0x00007ffe20ba0000 	C:\Program Files\Eclipse Adoptium\jdk-23.0.1.11-hotspot\bin\net.dll
0x00007ffe49400000 - 0x00007ffe49469000 	C:\WINDOWS\system32\mswsock.dll
0x00007ffe01130000 - 0x00007ffe01146000 	C:\Program Files\Eclipse Adoptium\jdk-23.0.1.11-hotspot\bin\nio.dll
0x00007ffe00dc0000 - 0x00007ffe00dd7000 	C:\Program Files\Eclipse Adoptium\jdk-23.0.1.11-hotspot\bin\zip.dll
0x000002f455d50000 - 0x000002f455d53000 	D:\eclipse-workspace\javafx-sdk-23.0.1\bin\api-ms-win-core-console-l1-1-0.dll
0x000002f455d60000 - 0x000002f455d63000 	D:\eclipse-workspace\javafx-sdk-23.0.1\bin\api-ms-win-core-console-l1-2-0.dll
0x000002f455f20000 - 0x000002f455f23000 	D:\eclipse-workspace\javafx-sdk-23.0.1\bin\api-ms-win-core-datetime-l1-1-0.dll
0x000002f456100000 - 0x000002f456103000 	D:\eclipse-workspace\javafx-sdk-23.0.1\bin\api-ms-win-core-debug-l1-1-0.dll
0x000002f456110000 - 0x000002f456113000 	D:\eclipse-workspace\javafx-sdk-23.0.1\bin\api-ms-win-core-errorhandling-l1-1-0.dll
0x000002f456120000 - 0x000002f456124000 	D:\eclipse-workspace\javafx-sdk-23.0.1\bin\api-ms-win-core-file-l1-1-0.dll
0x000002f456130000 - 0x000002f456133000 	D:\eclipse-workspace\javafx-sdk-23.0.1\bin\api-ms-win-core-file-l1-2-0.dll
0x000002f456140000 - 0x000002f456143000 	D:\eclipse-workspace\javafx-sdk-23.0.1\bin\api-ms-win-core-file-l2-1-0.dll
0x000002f456150000 - 0x000002f456153000 	D:\eclipse-workspace\javafx-sdk-23.0.1\bin\api-ms-win-core-handle-l1-1-0.dll
0x000002f456160000 - 0x000002f456163000 	D:\eclipse-workspace\javafx-sdk-23.0.1\bin\api-ms-win-core-heap-l1-1-0.dll
0x000002f456170000 - 0x000002f456173000 	D:\eclipse-workspace\javafx-sdk-23.0.1\bin\api-ms-win-core-interlocked-l1-1-0.dll
0x000002f456180000 - 0x000002f456183000 	D:\eclipse-workspace\javafx-sdk-23.0.1\bin\api-ms-win-core-libraryloader-l1-1-0.dll
0x000002f456190000 - 0x000002f456193000 	D:\eclipse-workspace\javafx-sdk-23.0.1\bin\api-ms-win-core-localization-l1-2-0.dll
0x000002f4561a0000 - 0x000002f4561a3000 	D:\eclipse-workspace\javafx-sdk-23.0.1\bin\api-ms-win-core-memory-l1-1-0.dll
0x000002f4561b0000 - 0x000002f4561b3000 	D:\eclipse-workspace\javafx-sdk-23.0.1\bin\api-ms-win-core-namedpipe-l1-1-0.dll
0x000002f4561c0000 - 0x000002f4561c3000 	D:\eclipse-workspace\javafx-sdk-23.0.1\bin\api-ms-win-core-processenvironment-l1-1-0.dll
0x000002f4561d0000 - 0x000002f4561d3000 	D:\eclipse-workspace\javafx-sdk-23.0.1\bin\api-ms-win-core-processthreads-l1-1-0.dll
0x000002f4561e0000 - 0x000002f4561e3000 	D:\eclipse-workspace\javafx-sdk-23.0.1\bin\api-ms-win-core-processthreads-l1-1-1.dll
0x000002f455d70000 - 0x000002f455d73000 	D:\eclipse-workspace\javafx-sdk-23.0.1\bin\api-ms-win-core-profile-l1-1-0.dll
0x000002f455d80000 - 0x000002f455d83000 	D:\eclipse-workspace\javafx-sdk-23.0.1\bin\api-ms-win-core-rtlsupport-l1-1-0.dll
0x000002f455d90000 - 0x000002f455d93000 	D:\eclipse-workspace\javafx-sdk-23.0.1\bin\api-ms-win-core-string-l1-1-0.dll
0x000002f455da0000 - 0x000002f455da3000 	D:\eclipse-workspace\javafx-sdk-23.0.1\bin\api-ms-win-core-synch-l1-1-0.dll
0x000002f455db0000 - 0x000002f455db3000 	D:\eclipse-workspace\javafx-sdk-23.0.1\bin\api-ms-win-core-synch-l1-2-0.dll
0x000002f455dc0000 - 0x000002f455dc3000 	D:\eclipse-workspace\javafx-sdk-23.0.1\bin\api-ms-win-core-sysinfo-l1-1-0.dll
0x000002f455dd0000 - 0x000002f455dd3000 	D:\eclipse-workspace\javafx-sdk-23.0.1\bin\api-ms-win-core-timezone-l1-1-0.dll
0x000002f455de0000 - 0x000002f455de3000 	D:\eclipse-workspace\javafx-sdk-23.0.1\bin\api-ms-win-core-util-l1-1-0.dll
0x000002f455df0000 - 0x000002f455df3000 	D:\eclipse-workspace\javafx-sdk-23.0.1\bin\api-ms-win-crt-conio-l1-1-0.dll
0x000002f455e00000 - 0x000002f455e04000 	D:\eclipse-workspace\javafx-sdk-23.0.1\bin\api-ms-win-crt-convert-l1-1-0.dll
0x000002f455e10000 - 0x000002f455e13000 	D:\eclipse-workspace\javafx-sdk-23.0.1\bin\api-ms-win-crt-environment-l1-1-0.dll
0x000002f455e20000 - 0x000002f455e23000 	D:\eclipse-workspace\javafx-sdk-23.0.1\bin\api-ms-win-crt-filesystem-l1-1-0.dll
0x000002f455e30000 - 0x000002f455e33000 	D:\eclipse-workspace\javafx-sdk-23.0.1\bin\api-ms-win-crt-heap-l1-1-0.dll
0x000002f455e40000 - 0x000002f455e43000 	D:\eclipse-workspace\javafx-sdk-23.0.1\bin\api-ms-win-crt-locale-l1-1-0.dll
0x000002f455e50000 - 0x000002f455e55000 	D:\eclipse-workspace\javafx-sdk-23.0.1\bin\api-ms-win-crt-math-l1-1-0.dll
0x000002f455e60000 - 0x000002f455e65000 	D:\eclipse-workspace\javafx-sdk-23.0.1\bin\api-ms-win-crt-multibyte-l1-1-0.dll
0x000002f455e70000 - 0x000002f455e80000 	D:\eclipse-workspace\javafx-sdk-23.0.1\bin\api-ms-win-crt-private-l1-1-0.dll
0x000002f455e80000 - 0x000002f455e83000 	D:\eclipse-workspace\javafx-sdk-23.0.1\bin\api-ms-win-crt-process-l1-1-0.dll
0x000002f455e90000 - 0x000002f455e94000 	D:\eclipse-workspace\javafx-sdk-23.0.1\bin\api-ms-win-crt-runtime-l1-1-0.dll
0x000002f455ea0000 - 0x000002f455ea4000 	D:\eclipse-workspace\javafx-sdk-23.0.1\bin\api-ms-win-crt-stdio-l1-1-0.dll
0x000002f455eb0000 - 0x000002f455eb4000 	D:\eclipse-workspace\javafx-sdk-23.0.1\bin\api-ms-win-crt-string-l1-1-0.dll
0x000002f455ec0000 - 0x000002f455ec3000 	D:\eclipse-workspace\javafx-sdk-23.0.1\bin\api-ms-win-crt-time-l1-1-0.dll
0x000002f455ed0000 - 0x000002f455ed3000 	D:\eclipse-workspace\javafx-sdk-23.0.1\bin\api-ms-win-crt-utility-l1-1-0.dll
0x00007ffdeb0a0000 - 0x00007ffdeb19c000 	D:\eclipse-workspace\javafx-sdk-23.0.1\bin\ucrtbase.dll
0x00007ffdfef80000 - 0x00007ffdfef9b000 	D:\eclipse-workspace\javafx-sdk-23.0.1\bin\vcruntime140.dll
0x00007ffe19f10000 - 0x00007ffe19f1c000 	D:\eclipse-workspace\javafx-sdk-23.0.1\bin\vcruntime140_1.dll
0x00007ffdf3900000 - 0x00007ffdf398e000 	D:\eclipse-workspace\javafx-sdk-23.0.1\bin\msvcp140.dll
0x00007ffe05fe0000 - 0x00007ffe05fe9000 	D:\eclipse-workspace\javafx-sdk-23.0.1\bin\msvcp140_1.dll
0x00007ffdf6eb0000 - 0x00007ffdf6ef1000 	D:\eclipse-workspace\javafx-sdk-23.0.1\bin\msvcp140_2.dll
0x00007ffdfef30000 - 0x00007ffdfef60000 	D:\eclipse-workspace\javafx-sdk-23.0.1\bin\prism_d3d.dll
0x00007ffe15230000 - 0x00007ffe153d8000 	C:\WINDOWS\system32\d3d9.dll
0x00007ffe47050000 - 0x00007ffe4707b000 	C:\WINDOWS\SYSTEM32\dwmapi.dll
0x00007ffe46f00000 - 0x00007ffe46f37000 	C:\WINDOWS\SYSTEM32\dxcore.dll
0x00007ffe46e10000 - 0x00007ffe46ec1000 	C:\WINDOWS\system32\uxtheme.dll
0x00007ffdf3750000 - 0x00007ffdf38ff000 	C:\WINDOWS\System32\DriverStore\FileRepository\iigd_dch.inf_amd64_e32ced29f236e322\igdumdim64.dll
0x00007ffdbe450000 - 0x00007ffdc2cf3000 	C:\WINDOWS\System32\DriverStore\FileRepository\iigd_dch.inf_amd64_e32ced29f236e322\igd9dxva64.dll
0x00007ffe4bd10000 - 0x00007ffe4c184000 	C:\WINDOWS\System32\SETUPAPI.dll
0x00007ffe499d0000 - 0x00007ffe49a1e000 	C:\WINDOWS\SYSTEM32\cfgmgr32.dll
0x00007ffe3ba80000 - 0x00007ffe3be89000 	C:\WINDOWS\System32\DriverStore\FileRepository\iigd_dch.inf_amd64_e32ced29f236e322\igdgmm64.dll
0x00007ffe40cf0000 - 0x00007ffe40d39000 	C:\WINDOWS\SYSTEM32\directxdatabasehelper.dll
0x00007ffdf2ca0000 - 0x00007ffdf2ce5000 	D:\eclipse-workspace\javafx-sdk-23.0.1\bin\glass.dll
0x00007ffe4c4e0000 - 0x00007ffe4c5df000 	C:\WINDOWS\System32\COMDLG32.dll
0x00007ffe4aac0000 - 0x00007ffe4ac20000 	C:\WINDOWS\System32\MSCTF.dll
0x00007ffe2ab00000 - 0x00007ffe2ab27000 	C:\WINDOWS\System32\DriverStore\FileRepository\iigd_dch.inf_amd64_e32ced29f236e322\igdinfo64.dll
0x00007ffe34e20000 - 0x00007ffe385b4000 	C:\WINDOWS\System32\DriverStore\FileRepository\iigd_dch.inf_amd64_e32ced29f236e322\igc64.dll
0x00007ffe4ac20000 - 0x00007ffe4acd0000 	C:\WINDOWS\System32\clbcatq.dll
0x00007ffe33aa0000 - 0x00007ffe33c19000 	C:\Windows\System32\Windows.UI.dll
0x00007ffe33ff0000 - 0x00007ffe34165000 	C:\Windows\System32\Windows.UI.Immersive.dll
0x00007ffdfedc0000 - 0x00007ffdfedd5000 	D:\eclipse-workspace\javafx-sdk-23.0.1\bin\javafx_font.dll
0x00007ffe41610000 - 0x00007ffe41883000 	C:\WINDOWS\SYSTEM32\dwrite.dll
0x00007ffe46c30000 - 0x00007ffe46de0000 	C:\WINDOWS\SYSTEM32\WindowsCodecs.dll
0x00007ffe2c470000 - 0x00007ffe2c4ce000 	C:\WINDOWS\system32\dataexchange.dll
0x00007ffe3eb50000 - 0x00007ffe3edf4000 	C:\WINDOWS\system32\twinapi.appcore.dll
0x00007ffe00fd0000 - 0x00007ffe01002000 	C:\Program Files\Common Files\Microsoft Shared\Ink\rtscom.dll
0x00007ffe3b720000 - 0x00007ffe3b865000 	C:\WINDOWS\SYSTEM32\textinputframework.dll
0x00007ffe42eb0000 - 0x00007ffe42fe3000 	C:\WINDOWS\SYSTEM32\CoreMessaging.dll
0x00007ffe404c0000 - 0x00007ffe4082d000 	C:\WINDOWS\SYSTEM32\CoreUIComponents.dll
0x00007ffe496a0000 - 0x00007ffe496ac000 	C:\WINDOWS\SYSTEM32\CRYPTBASE.DLL
0x00007ffdfe1d0000 - 0x00007ffdfe1fd000 	D:\eclipse-workspace\javafx-sdk-23.0.1\bin\javafx_iio.dll
0x00007ffe49680000 - 0x00007ffe4969b000 	C:\WINDOWS\SYSTEM32\CRYPTSP.dll
0x00007ffe48e70000 - 0x00007ffe48ea5000 	C:\WINDOWS\system32\rsaenh.dll
0x00007ffe494f0000 - 0x00007ffe49518000 	C:\WINDOWS\SYSTEM32\USERENV.dll
0x00007ffe489c0000 - 0x00007ffe489ed000 	C:\WINDOWS\SYSTEM32\IPHLPAPI.DLL

dbghelp: loaded successfully - version: 4.0.5 - missing functions: none
symbol engine: initialized successfully - sym options: 0x614 - pdb path: .;C:\Program Files\Eclipse Adoptium\jdk-23.0.1.11-hotspot\bin;C:\WINDOWS\SYSTEM32;C:\WINDOWS\WinSxS\amd64_microsoft.windows.common-controls_6595b64144ccf1df_6.0.22621.4391_none_2715d37f73803e96;C:\Program Files\Eclipse Adoptium\jdk-23.0.1.11-hotspot\bin\server;D:\eclipse-workspace\javafx-sdk-23.0.1\bin;C:\WINDOWS\System32\DriverStore\FileRepository\iigd_dch.inf_amd64_e32ced29f236e322;C:\Program Files\Common Files\Microsoft Shared\Ink

VM Arguments:
jvm_args: -Dfile.encoding=UTF-8 -Dstdout.encoding=UTF-8 -Dstderr.encoding=UTF-8 --module-path=D:\eclipse-workspace\game\bin;C:\Users\This PC\.p2\pool\plugins\org.eclipse.fx.ide.css.jfx8_3.10.0.202303150700.jar;D:\eclipse-workspace\javafx-sdk-23.0.1\lib\javafx.base.jar;D:\eclipse-workspace\javafx-sdk-23.0.1\lib\javafx.controls.jar;D:\eclipse-workspace\javafx-sdk-23.0.1\lib\javafx.fxml.jar;D:\eclipse-workspace\javafx-sdk-23.0.1\lib\javafx.graphics.jar;D:\eclipse-workspace\javafx-sdk-23.0.1\lib\javafx.media.jar;D:\eclipse-workspace\javafx-sdk-23.0.1\lib\javafx.swing.jar;D:\eclipse-workspace\javafx-sdk-23.0.1\lib\javafx.web.jar;D:\eclipse-workspace\javafx-sdk-23.0.1\lib\javafx-swt.jar;D:\eclipse-workspace\game\src\libs\json-20240303.jar -XX:+ShowCodeDetailsInExceptionMessages -Djdk.module.main=game 
java_command: game/application.Main
java_class_path (initial): D:\mysql-connector-j-9.0.0\mysql-connector-j-9.0.0.jar
Launcher Type: SUN_STANDARD

[Global flags]
     intx CICompilerCount                          = 3                                         {product} {ergonomic}
     uint ConcGCThreads                            = 1                                         {product} {ergonomic}
     uint G1ConcRefinementThreads                  = 4                                         {product} {ergonomic}
   size_t G1HeapRegionSize                         = 1048576                                   {product} {ergonomic}
   size_t InitialHeapSize                          = 130023424                                 {product} {ergonomic}
   size_t MarkStackSize                            = 4194304                                   {product} {ergonomic}
   size_t MarkStackSizeMax                         = 536870912                                 {product} {ergonomic}
   size_t MaxHeapSize                              = 2065694720                                {product} {ergonomic}
   size_t MaxNewSize                               = 1239416832                                {product} {ergonomic}
   size_t MinHeapDeltaBytes                        = 1048576                                   {product} {ergonomic}
   size_t MinHeapSize                              = 8388608                                   {product} {ergonomic}
    uintx NonNMethodCodeHeapSize                   = 5832704                                {pd product} {ergonomic}
    uintx NonProfiledCodeHeapSize                  = 122945536                              {pd product} {ergonomic}
    uintx ProfiledCodeHeapSize                     = 122880000                              {pd product} {ergonomic}
    uintx ReservedCodeCacheSize                    = 251658240                              {pd product} {ergonomic}
     bool SegmentedCodeCache                       = true                                      {product} {ergonomic}
     bool ShowCodeDetailsInExceptionMessages       = true                                   {manageable} {command line}
   size_t SoftMaxHeapSize                          = 2065694720                             {manageable} {ergonomic}
     bool UseCompressedOops                        = true                           {product lp64_product} {ergonomic}
     bool UseG1GC                                  = true                                      {product} {ergonomic}
     bool UseLargePagesIndividualAllocation        = false                                  {pd product} {ergonomic}

Logging:
Log output configuration:
 #0: stdout all=warning uptime,level,tags foldmultilines=false
 #1: stderr all=off uptime,level,tags foldmultilines=false

Environment Variables:
JAVA_HOME=C:\Program Files\Eclipse Adoptium\jdk-21.0.4.7-hotspot\
PATH=C:/Users/This PC/.p2/pool/plugins/org.eclipse.justj.openjdk.hotspot.jre.full.win32.x86_64_22.0.2.v20240802-1626/jre/bin/server;C:/Users/This PC/.p2/pool/plugins/org.eclipse.justj.openjdk.hotspot.jre.full.win32.x86_64_22.0.2.v20240802-1626/jre/bin;C:\Program Files\Eclipse Adoptium\jdk-23.0.1.11-hotspot\bin;C:\Program Files\Eclipse Adoptium\jdk-21.0.4.7-hotspot\bin;C:\Program Files\Common Files\Oracle\Java\javapath;C:\Program Files (x86)\Common Files\Oracle\Java\java8path;C:\Program Files (x86)\Common Files\Oracle\Java\javapath;C:\WINDOWS\system32;C:\WINDOWS;C:\WINDOWS\System32\Wbem;C:\WINDOWS\System32\WindowsPowerShell\v1.0\;C:\WINDOWS\System32\OpenSSH\;C:\Program Files\Microsoft SQL Server\150\Tools\Binn\;C:\Program Files\Microsoft SQL Server\Client SDK\ODBC\170\Tools\Binn\;C:\Program Files\dotnet\;C:\PROGRA~2\PICC;D:\downegde\PICC;C:\Program Files\Git\cmd;C:\Program Files (x86)\Microsoft SQL Server\160\Tools\Binn\;C:\Program Files\Microsoft SQL Server\160\Tools\Binn\;C:\Program Files\Microsoft SQL Server\160\DTS\Binn\;C:\Program Files (x86)\Microsoft SQL Server\160\DTS\Binn\;D:\xampp\php;D:\Users\This PC\AppData\Local\Programs\Microsoft VS Code\bin;C:\Users\This PC\.dotnet\tools;;C:\Users\This PC\OneDrive\Desktop;
USERNAME=This PC
OS=Windows_NT
PROCESSOR_IDENTIFIER=Intel64 Family 6 Model 140 Stepping 1, GenuineIntel
TMP=C:\Users\THISPC~1\AppData\Local\Temp
TEMP=C:\Users\THISPC~1\AppData\Local\Temp




Periodic native trim disabled

---------------  S Y S T E M  ---------------

OS:
 Windows 11 , 64 bit Build 22621 (10.0.22621.4391)
OS uptime: 2 days 8:33 hours

CPU: total 4 (initial active 4) (2 cores per cpu, 2 threads per core) family 6 model 140 stepping 1 microcode 0x86, cx8, cmov, fxsr, ht, mmx, 3dnowpref, sse, sse2, sse3, ssse3, sse4.1, sse4.2, popcnt, lzcnt, tsc, tscinvbit, avx, avx2, aes, erms, clmul, bmi1, bmi2, adx, avx512f, avx512dq, avx512cd, avx512bw, avx512vl, sha, fma, vzeroupper, avx512_vpopcntdq, avx512_vpclmulqdq, avx512_vaes, avx512_vnni, clflush, clflushopt, clwb, avx512_vbmi2, avx512_vbmi, rdtscp, rdpid, fsrm, gfni, avx512_bitalg, f16c, pku, cet_ibt, cet_ss, avx512_ifma
Processor Information for the first 4 processors :
  Max Mhz: 2995, Current Mhz: 2995, Mhz Limit: 2995

Memory: 4k page, system-wide physical 7874M (577M free)
TotalPageFile size 18677M (AvailPageFile size 3198M)
current process WorkingSet (physical memory assigned to process): 208M, peak: 276M
current process commit charge ("private bytes"): 275M, peak: 363M

vm_info: OpenJDK 64-Bit Server VM (23.0.1+11) for windows-amd64 JRE (23.0.1+11), built on 2024-10-15T00:00:00Z with MS VC++ 17.7 (VS2022)

END.
